2021-06-16 15:00:17:015  [TID       3728][INFO    ] Default Logger initialized [dmvcframework]
2021-06-16 15:00:17:046  [TID       3728][INFO    ] Server started on port 8080 [dmvcframework]
2021-06-16 15:01:47:397  [TID       9024][INFO    ] Default Logger initialized [dmvcframework]
2021-06-16 15:01:47:397  [TID       9024][INFO    ] Server started on port 8080 [dmvcframework]
2021-06-16 15:01:51:342  [TID       9048][INFO    ] ENTER: Config default values [dmvcframework]
2021-06-16 15:01:51:342  [TID       9048][INFO    ] EXIT: Config default values [dmvcframework]
2021-06-16 15:01:51:342  [TID       9048][INFO    ] >> Custom configuration method [dmvcframework]
2021-06-16 15:01:51:342  [TID       9048][INFO    ] << Custom configuration method [dmvcframework]
2021-06-16 15:01:51:342  [TID       9048][INFO    ] ENTER: LoadSystemControllers [dmvcframework]
2021-06-16 15:01:51:342  [TID       9048][INFO    ] EXIT: LoadSystemControllers [dmvcframework]
2021-06-16 15:01:51:344  [TID       9048][INFO    ] GET:/api/customers [0:0:0:0:0:0:0:1] -> Controller.Customer.TCustomerController.GetCustomers - 200 OK [dmvcframework]
2021-06-16 15:57:11:048  [TID       1816][INFO    ] Default Logger initialized [dmvcframework]
2021-06-16 15:57:11:048  [TID       1816][INFO    ] Server started on port 8080 [dmvcframework]
2021-06-16 15:57:15:804  [TID      10164][INFO    ] ENTER: Config default values [dmvcframework]
2021-06-16 15:57:15:804  [TID      10164][INFO    ] EXIT: Config default values [dmvcframework]
2021-06-16 15:57:15:804  [TID      10164][INFO    ] >> Custom configuration method [dmvcframework]
2021-06-16 15:57:15:804  [TID      10164][INFO    ] << Custom configuration method [dmvcframework]
2021-06-16 15:57:15:804  [TID      10164][INFO    ] ENTER: LoadSystemControllers [dmvcframework]
2021-06-16 15:57:15:804  [TID      10164][INFO    ] EXIT: LoadSystemControllers [dmvcframework]
2021-06-16 15:57:17:964  [TID      10164][ERROR   ] [Exception] Cannot find TableNameAttribute (Custom message: "Global Action Exception Handler") [dmvcframework]
2021-06-16 15:59:19:735  [TID      13300][INFO    ] Default Logger initialized [dmvcframework]
2021-06-16 15:59:19:753  [TID      13300][INFO    ] Server started on port 8080 [dmvcframework]
2021-06-16 15:59:24:656  [TID      10492][INFO    ] ENTER: Config default values [dmvcframework]
2021-06-16 15:59:24:656  [TID      10492][INFO    ] EXIT: Config default values [dmvcframework]
2021-06-16 15:59:24:656  [TID      10492][INFO    ] >> Custom configuration method [dmvcframework]
2021-06-16 15:59:24:656  [TID      10492][INFO    ] << Custom configuration method [dmvcframework]
2021-06-16 15:59:24:656  [TID      10492][INFO    ] ENTER: LoadSystemControllers [dmvcframework]
2021-06-16 15:59:24:656  [TID      10492][INFO    ] EXIT: LoadSystemControllers [dmvcframework]
2021-06-16 15:59:40:756  [TID      10492][ERROR   ] [ESQLiteNativeException] [FireDAC][Phys][SQLite] ERROR: no such table: customers (Custom message: "Global Action Exception Handler") [dmvcframework]
2021-06-16 16:01:00:510  [TID       2024][INFO    ] Default Logger initialized [dmvcframework]
2021-06-16 16:01:00:528  [TID       2024][INFO    ] Server started on port 8080 [dmvcframework]
2021-06-16 16:01:02:140  [TID       1320][INFO    ] ENTER: Config default values [dmvcframework]
2021-06-16 16:01:02:140  [TID       1320][INFO    ] EXIT: Config default values [dmvcframework]
2021-06-16 16:01:02:140  [TID       1320][INFO    ] >> Custom configuration method [dmvcframework]
2021-06-16 16:01:02:140  [TID       1320][INFO    ] << Custom configuration method [dmvcframework]
2021-06-16 16:01:02:140  [TID       1320][INFO    ] ENTER: LoadSystemControllers [dmvcframework]
2021-06-16 16:01:02:140  [TID       1320][INFO    ] EXIT: LoadSystemControllers [dmvcframework]
2021-06-16 16:02:45:568  [TID       1184][INFO    ] Default Logger initialized [dmvcframework]
2021-06-16 16:02:45:568  [TID       1184][INFO    ] Server started on port 8080 [dmvcframework]
2021-06-16 16:02:49:897  [TID        372][INFO    ] ENTER: Config default values [dmvcframework]
2021-06-16 16:02:49:897  [TID        372][INFO    ] EXIT: Config default values [dmvcframework]
2021-06-16 16:02:49:897  [TID        372][INFO    ] >> Custom configuration method [dmvcframework]
2021-06-16 16:02:49:897  [TID        372][INFO    ] << Custom configuration method [dmvcframework]
2021-06-16 16:02:49:897  [TID        372][INFO    ] ENTER: LoadSystemControllers [dmvcframework]
2021-06-16 16:02:49:897  [TID        372][INFO    ] EXIT: LoadSystemControllers [dmvcframework]
2021-06-16 16:02:49:903  [TID        372][ERROR   ] [ESQLiteNativeException] [FireDAC][Phys][SQLite] ERROR: no such table: customers (Custom message: "Global Action Exception Handler") [dmvcframework]
2021-06-16 16:03:28:224  [TID      10336][INFO    ] Default Logger initialized [dmvcframework]
2021-06-16 16:03:28:240  [TID      10336][INFO    ] Server started on port 8080 [dmvcframework]
2021-06-16 16:03:32:096  [TID       7820][INFO    ] ENTER: Config default values [dmvcframework]
2021-06-16 16:03:32:096  [TID       7820][INFO    ] EXIT: Config default values [dmvcframework]
2021-06-16 16:03:32:096  [TID       7820][INFO    ] >> Custom configuration method [dmvcframework]
2021-06-16 16:03:32:096  [TID       7820][INFO    ] << Custom configuration method [dmvcframework]
2021-06-16 16:03:32:096  [TID       7820][INFO    ] ENTER: LoadSystemControllers [dmvcframework]
2021-06-16 16:03:32:096  [TID       7820][INFO    ] EXIT: LoadSystemControllers [dmvcframework]
2021-06-17 13:56:25:964  [TID       5612][INFO    ] Default Logger initialized [dmvcframework]
2021-06-17 13:56:25:964  [TID       5612][INFO    ] Server started on port 8080 [dmvcframework]
2021-06-17 13:56:48:904  [TID       8892][INFO    ] ENTER: Config default values [dmvcframework]
2021-06-17 13:56:48:904  [TID       8892][INFO    ] EXIT: Config default values [dmvcframework]
2021-06-17 13:56:48:904  [TID       8892][INFO    ] >> Custom configuration method [dmvcframework]
2021-06-17 13:56:48:904  [TID       8892][INFO    ] << Custom configuration method [dmvcframework]
2021-06-17 13:56:48:904  [TID       8892][INFO    ] ENTER: LoadSystemControllers [dmvcframework]
2021-06-17 13:56:48:904  [TID       8892][INFO    ] EXIT: LoadSystemControllers [dmvcframework]
2021-06-17 13:56:52:947  [TID       8892][ERROR   ] [ESQLiteNativeException] [FireDAC][Phys][SQLite] ERROR: no such table: customers (Custom message: "Global Action Exception Handler") [dmvcframework]
2021-06-17 13:58:57:578  [TID      10852][INFO    ] Default Logger initialized [dmvcframework]
2021-06-17 13:58:57:604  [TID      10852][INFO    ] Server started on port 8080 [dmvcframework]
2021-06-17 13:59:02:116  [TID      12772][INFO    ] ENTER: Config default values [dmvcframework]
2021-06-17 13:59:02:116  [TID      12772][INFO    ] EXIT: Config default values [dmvcframework]
2021-06-17 13:59:02:116  [TID      12772][INFO    ] >> Custom configuration method [dmvcframework]
2021-06-17 13:59:02:116  [TID      12772][INFO    ] << Custom configuration method [dmvcframework]
2021-06-17 13:59:02:116  [TID      12772][INFO    ] ENTER: LoadSystemControllers [dmvcframework]
2021-06-17 13:59:02:116  [TID      12772][INFO    ] EXIT: LoadSystemControllers [dmvcframework]
2021-06-17 13:59:04:624  [TID      12772][ERROR   ] [ESQLiteNativeException] [FireDAC][Phys][SQLite] ERROR: no such table: customer (Custom message: "Global Action Exception Handler") [dmvcframework]
2021-06-17 14:02:30:773  [TID       7396][INFO    ] Default Logger initialized [dmvcframework]
2021-06-17 14:02:30:773  [TID       7396][INFO    ] Server started on port 8080 [dmvcframework]
2021-06-17 14:02:33:064  [TID      12456][INFO    ] ENTER: Config default values [dmvcframework]
2021-06-17 14:02:33:064  [TID      12456][INFO    ] EXIT: Config default values [dmvcframework]
2021-06-17 14:02:33:064  [TID      12456][INFO    ] >> Custom configuration method [dmvcframework]
2021-06-17 14:02:33:064  [TID      12456][INFO    ] << Custom configuration method [dmvcframework]
2021-06-17 14:02:33:064  [TID      12456][INFO    ] ENTER: LoadSystemControllers [dmvcframework]
2021-06-17 14:02:33:064  [TID      12456][INFO    ] EXIT: LoadSystemControllers [dmvcframework]
2021-06-17 14:02:43:016  [TID      12456][ERROR   ] [ESQLiteNativeException] [FireDAC][Phys][SQLite] ERROR: no such table: customers (Custom message: "Global Action Exception Handler") [dmvcframework]
2021-06-17 14:17:41:757  [TID      10132][INFO    ] Default Logger initialized [dmvcframework]
2021-06-17 14:17:41:774  [TID      10132][INFO    ] Server started on port 8080 [dmvcframework]
2021-06-17 14:17:51:803  [TID       3960][INFO    ] ENTER: Config default values [dmvcframework]
2021-06-17 14:17:51:803  [TID       3960][INFO    ] EXIT: Config default values [dmvcframework]
2021-06-17 14:17:51:803  [TID       3960][INFO    ] >> Custom configuration method [dmvcframework]
2021-06-17 14:17:51:804  [TID       3960][INFO    ] << Custom configuration method [dmvcframework]
2021-06-17 14:17:51:804  [TID       3960][INFO    ] ENTER: LoadSystemControllers [dmvcframework]
2021-06-17 14:17:51:804  [TID       3960][INFO    ] EXIT: LoadSystemControllers [dmvcframework]
2021-06-17 14:18:11:054  [TID       3960][ERROR   ] [ESQLiteNativeException] [FireDAC][Phys][SQLite] ERROR: no such table: customers (Custom message: "Global Action Exception Handler") [dmvcframework]
2021-06-17 14:20:01:867  [TID      12164][INFO    ] Default Logger initialized [dmvcframework]
2021-06-17 14:20:01:885  [TID      12164][INFO    ] Server started on port 8080 [dmvcframework]
2021-06-17 14:20:05:161  [TID       6276][INFO    ] ENTER: Config default values [dmvcframework]
2021-06-17 14:20:05:161  [TID       6276][INFO    ] EXIT: Config default values [dmvcframework]
2021-06-17 14:20:05:161  [TID       6276][INFO    ] >> Custom configuration method [dmvcframework]
2021-06-17 14:20:05:161  [TID       6276][INFO    ] << Custom configuration method [dmvcframework]
2021-06-17 14:20:05:161  [TID       6276][INFO    ] ENTER: LoadSystemControllers [dmvcframework]
2021-06-17 14:20:05:161  [TID       6276][INFO    ] EXIT: LoadSystemControllers [dmvcframework]
2021-06-17 14:20:05:182  [TID       6276][INFO    ] GET:/api/customers [0:0:0:0:0:0:0:1] -> Controller.Customer.TCustomerController.GetCustomers - 200 OK [dmvcframework]
2021-06-17 14:22:50:913  [TID       8840][INFO    ] Default Logger initialized [dmvcframework]
2021-06-17 14:22:50:930  [TID       8840][INFO    ] Server started on port 8080 [dmvcframework]
2021-06-17 14:22:53:858  [TID       3900][INFO    ] ENTER: Config default values [dmvcframework]
2021-06-17 14:22:53:858  [TID       3900][INFO    ] EXIT: Config default values [dmvcframework]
2021-06-17 14:22:53:858  [TID       3900][INFO    ] >> Custom configuration method [dmvcframework]
2021-06-17 14:22:53:858  [TID       3900][INFO    ] << Custom configuration method [dmvcframework]
2021-06-17 14:22:53:858  [TID       3900][INFO    ] ENTER: LoadSystemControllers [dmvcframework]
2021-06-17 14:22:53:858  [TID       3900][INFO    ] EXIT: LoadSystemControllers [dmvcframework]
2021-06-17 14:22:53:874  [TID       3900][INFO    ] GET:/api/customers [0:0:0:0:0:0:0:1] -> Controller.Customer.TCustomerController.GetCustomers - 200 OK [dmvcframework]
2021-06-17 14:29:29:800  [TID       8924][INFO    ] Default Logger initialized [dmvcframework]
2021-06-17 14:29:29:800  [TID       8924][INFO    ] Server started on port 8080 [dmvcframework]
2021-06-17 14:29:47:990  [TID       5320][INFO    ] ENTER: Config default values [dmvcframework]
2021-06-17 14:29:47:990  [TID       5320][INFO    ] EXIT: Config default values [dmvcframework]
2021-06-17 14:29:47:990  [TID       5320][INFO    ] >> Custom configuration method [dmvcframework]
2021-06-17 14:29:47:990  [TID       5320][INFO    ] << Custom configuration method [dmvcframework]
2021-06-17 14:29:47:990  [TID       5320][INFO    ] ENTER: LoadSystemControllers [dmvcframework]
2021-06-17 14:29:47:990  [TID       5320][INFO    ] EXIT: LoadSystemControllers [dmvcframework]
2021-06-17 14:29:48:008  [TID       5320][INFO    ] GET:/api/customers/2 [0:0:0:0:0:0:0:1] -> Controller.Customer.TCustomerController.GetCustomer - 200 OK [dmvcframework]
2021-06-17 14:30:31:554  [TID       5320][ERROR   ] [EListError] Duplicates not allowed (Custom message: "Cannot create controller") [dmvcframework]
2021-06-17 14:30:33:274  [TID       5320][ERROR   ] [EMVCException] Cannot create controller (Custom message: "") [dmvcframework]
2021-06-17 14:33:31:164  [TID       3744][INFO    ] Default Logger initialized [dmvcframework]
2021-06-17 14:33:31:173  [TID       3744][INFO    ] Server started on port 8080 [dmvcframework]
2021-06-17 14:34:18:810  [TID       5632][INFO    ] ENTER: Config default values [dmvcframework]
2021-06-17 14:34:18:810  [TID       5632][INFO    ] EXIT: Config default values [dmvcframework]
2021-06-17 14:34:18:810  [TID       5632][INFO    ] >> Custom configuration method [dmvcframework]
2021-06-17 14:34:18:810  [TID       5632][INFO    ] << Custom configuration method [dmvcframework]
2021-06-17 14:34:18:810  [TID       5632][INFO    ] ENTER: LoadSystemControllers [dmvcframework]
2021-06-17 14:34:18:810  [TID       5632][INFO    ] EXIT: LoadSystemControllers [dmvcframework]
2021-06-17 14:34:18:841  [TID       5632][INFO    ] GET:/api/customers/2 [0:0:0:0:0:0:0:1] -> Controller.Customer.TCustomerController.GetCustomer - 200 OK [dmvcframework]
2021-06-17 14:35:35:981  [TID       5632][INFO    ] POST:/api/customers/ [0:0:0:0:0:0:0:1] -> {NOT FOUND} - 404 Not Found [dmvcframework]
2021-06-17 14:35:36:141  [TID       5632][ERROR   ] [EMVCException] Not Found (Custom message: "POST /api/customers/") [dmvcframework]
2021-06-17 14:36:15:947  [TID       9324][INFO    ] POST:/api/customers/ [0:0:0:0:0:0:0:1] -> {NOT FOUND} - 404 Not Found [dmvcframework]
2021-06-17 14:36:16:010  [TID       9324][ERROR   ] [EMVCException] Not Found (Custom message: "POST /api/customers/") [dmvcframework]
2021-06-17 14:37:46:066  [TID       6232][INFO    ] Default Logger initialized [dmvcframework]
2021-06-17 14:37:46:088  [TID       6232][INFO    ] Server started on port 8080 [dmvcframework]
2021-06-17 14:38:59:515  [TID       2532][INFO    ] Default Logger initialized [dmvcframework]
2021-06-17 14:38:59:531  [TID       2532][INFO    ] Server started on port 8080 [dmvcframework]
2021-06-17 14:45:55:525  [TID       9680][INFO    ] Default Logger initialized [dmvcframework]
2021-06-17 14:45:55:525  [TID       9680][INFO    ] Server started on port 8080 [dmvcframework]
2021-06-17 14:46:34:920  [TID        528][INFO    ] ENTER: Config default values [dmvcframework]
2021-06-17 14:46:34:920  [TID        528][INFO    ] EXIT: Config default values [dmvcframework]
2021-06-17 14:46:34:920  [TID        528][INFO    ] >> Custom configuration method [dmvcframework]
2021-06-17 14:46:34:920  [TID        528][INFO    ] << Custom configuration method [dmvcframework]
2021-06-17 14:46:34:920  [TID        528][INFO    ] ENTER: LoadSystemControllers [dmvcframework]
2021-06-17 14:46:34:920  [TID        528][INFO    ] EXIT: LoadSystemControllers [dmvcframework]
2021-06-17 14:46:45:561  [TID        528][ERROR   ] [EMVCDeserializationException] Body ContentType "text/plain" not supported (Custom message: "") [dmvcframework]
2021-06-17 14:52:35:990  [TID      12032][INFO    ] Default Logger initialized [dmvcframework]
2021-06-17 14:52:36:023  [TID      12032][INFO    ] Server started on port 8080 [dmvcframework]
2021-06-17 14:53:04:602  [TID       1640][INFO    ] ENTER: Config default values [dmvcframework]
2021-06-17 14:53:04:602  [TID       1640][INFO    ] EXIT: Config default values [dmvcframework]
2021-06-17 14:53:04:602  [TID       1640][INFO    ] >> Custom configuration method [dmvcframework]
2021-06-17 14:53:04:602  [TID       1640][INFO    ] << Custom configuration method [dmvcframework]
2021-06-17 14:53:04:603  [TID       1640][INFO    ] ENTER: LoadSystemControllers [dmvcframework]
2021-06-17 14:53:04:603  [TID       1640][INFO    ] EXIT: LoadSystemControllers [dmvcframework]
2021-06-17 14:53:14:201  [TID       1640][ERROR   ] [EMVCActiveRecordNotFound] Data not found (Custom message: "") [dmvcframework]
2021-06-17 14:53:56:460  [TID      13120][INFO    ] Default Logger initialized [dmvcframework]
2021-06-17 14:53:56:460  [TID      13120][INFO    ] Server started on port 8080 [dmvcframework]
2021-06-17 14:54:07:121  [TID       3724][INFO    ] ENTER: Config default values [dmvcframework]
2021-06-17 14:54:07:121  [TID       3724][INFO    ] EXIT: Config default values [dmvcframework]
2021-06-17 14:54:07:121  [TID       3724][INFO    ] >> Custom configuration method [dmvcframework]
2021-06-17 14:54:07:121  [TID       3724][INFO    ] << Custom configuration method [dmvcframework]
2021-06-17 14:54:07:121  [TID       3724][INFO    ] ENTER: LoadSystemControllers [dmvcframework]
2021-06-17 14:54:07:121  [TID       3724][INFO    ] EXIT: LoadSystemControllers [dmvcframework]
2021-06-17 14:54:07:136  [TID       3724][INFO    ] DELETE:/api/customers/50 [0:0:0:0:0:0:0:1] -> Controller.Customer.TCustomerController.DeleteCustomer - 200 OK [dmvcframework]
2021-06-17 14:55:47:868  [TID       1200][INFO    ] Default Logger initialized [dmvcframework]
2021-06-17 14:55:47:884  [TID       1200][INFO    ] Server started on port 8080 [dmvcframework]
2021-06-17 14:56:00:548  [TID       8948][INFO    ] ENTER: Config default values [dmvcframework]
2021-06-17 14:56:00:548  [TID       8948][INFO    ] EXIT: Config default values [dmvcframework]
2021-06-17 14:56:00:548  [TID       8948][INFO    ] >> Custom configuration method [dmvcframework]
2021-06-17 14:56:00:548  [TID       8948][INFO    ] << Custom configuration method [dmvcframework]
2021-06-17 14:56:00:548  [TID       8948][INFO    ] ENTER: LoadSystemControllers [dmvcframework]
2021-06-17 14:56:00:548  [TID       8948][INFO    ] EXIT: LoadSystemControllers [dmvcframework]
2021-06-17 14:59:33:087  [TID       3256][INFO    ] Default Logger initialized [dmvcframework]
2021-06-17 14:59:33:097  [TID       3256][INFO    ] Server started on port 8080 [dmvcframework]
2021-06-17 14:59:41:682  [TID       7472][INFO    ] ENTER: Config default values [dmvcframework]
2021-06-17 14:59:41:682  [TID       7472][INFO    ] EXIT: Config default values [dmvcframework]
2021-06-17 14:59:41:682  [TID       7472][INFO    ] >> Custom configuration method [dmvcframework]
2021-06-17 14:59:41:682  [TID       7472][INFO    ] << Custom configuration method [dmvcframework]
2021-06-17 14:59:41:682  [TID       7472][INFO    ] ENTER: LoadSystemControllers [dmvcframework]
2021-06-17 14:59:41:682  [TID       7472][INFO    ] EXIT: LoadSystemControllers [dmvcframework]
2021-06-17 14:59:41:700  [TID       7472][INFO    ] GET:/api/customers [0:0:0:0:0:0:0:1] -> Controller.Customer.TCustomerController.GetCustomers - 200 OK [dmvcframework]
2021-06-17 15:00:20:428  [TID       7472][ERROR   ] [EListError] Duplicates not allowed (Custom message: "Cannot create controller") [dmvcframework]
2021-06-17 15:00:43:114  [TID       7472][ERROR   ] [EMVCException] Cannot create controller (Custom message: "") [dmvcframework2021-06-17 15:00:46:113  [TID       1296][INFO    ] Default Logger initialized [dmvcframework]
2021-06-17 15:00:46:132  [TID       1296][INFO    ] Server started on port 8080 [dmvcframework]
2021-06-17 15:00:51:199  [TID       2116][INFO    ] ENTER: Config default values [dmvcframework]
2021-06-17 15:00:51:199  [TID       2116][INFO    ] EXIT: Config default values [dmvcframework]
2021-06-17 15:00:51:199  [TID       2116][INFO    ] >> Custom configuration method [dmvcframework]
2021-06-17 15:00:51:199  [TID       2116][INFO    ] << Custom configuration method [dmvcframework]
2021-06-17 15:00:51:199  [TID       2116][INFO    ] ENTER: LoadSystemControllers [dmvcframework]
2021-06-17 15:00:51:199  [TID       2116][INFO    ] EXIT: LoadSystemControllers [dmvcframework]
2021-06-17 15:00:51:215  [TID       2116][INFO    ] GET:/api/customers/2 [0:0:0:0:0:0:0:1] -> Controller.Customer.TCustomerController.GetCustomer - 200 OK [dmvcframework]
2021-06-17 16:57:46:732  [TID       1664][INFO    ] Default Logger initialized [dmvcframework]
2021-06-17 16:57:46:740  [TID       1664][INFO    ] Server started on port 8080 [dmvcframework]
2021-06-17 16:57:55:945  [TID       5376][INFO    ] ENTER: Config default values [dmvcframework]
2021-06-17 16:57:55:945  [TID       5376][INFO    ] EXIT: Config default values [dmvcframework]
2021-06-17 16:57:55:945  [TID       5376][INFO    ] >> Custom configuration method [dmvcframework]
2021-06-17 16:57:55:945  [TID       5376][INFO    ] << Custom configuration method [dmvcframework]
2021-06-17 16:57:55:945  [TID       5376][INFO    ] ENTER: LoadSystemControllers [dmvcframework]
2021-06-17 16:57:55:945  [TID       5376][INFO    ] EXIT: LoadSystemControllers [dmvcframework]
2021-06-17 16:58:13:668  [TID       5376][INFO    ] GET:/api/customers [127.0.0.1] -> Controller.Customer.TCustomerController.GetCustomers - 200 OK [dmvcframework]
2021-06-17 16:58:29:622  [TID       5076][INFO    ] GET:/api/customers [127.0.0.1] -> Controller.Customer.TCustomerController.GetCustomers - 200 OK [dmvcframework]
2021-06-17 16:58:31:486  [TID       9956][INFO    ] GET:/api/customers [127.0.0.1] -> Controller.Customer.TCustomerController.GetCustomers - 200 OK [dmvcframework]
2021-06-17 17:05:32:550  [TID       6192][INFO    ] GET:/api/customers [127.0.0.1] -> Controller.Customer.TCustomerController.GetCustomers - 200 OK [dmvcframework]
2021-06-17 17:06:24:094  [TID       4388][INFO    ] Default Logger initialized [dmvcframework]
2021-06-17 17:06:24:094  [TID       4388][INFO    ] Server started on port 8080 [dmvcframework]
2021-06-17 17:07:48:586  [TID       5380][INFO    ] ENTER: Config default values [dmvcframework]
2021-06-17 17:07:48:586  [TID       5380][INFO    ] EXIT: Config default values [dmvcframework]
2021-06-17 17:07:48:586  [TID       5380][INFO    ] >> Custom configuration method [dmvcframework]
2021-06-17 17:07:48:586  [TID       5380][INFO    ] << Custom configuration method [dmvcframework]
2021-06-17 17:07:48:586  [TID       5380][INFO    ] ENTER: LoadSystemControllers [dmvcframework]
2021-06-17 17:07:48:586  [TID       5380][INFO    ] EXIT: LoadSystemControllers [dmvcframework]
2021-06-17 17:07:48:602  [TID       5380][INFO    ] GET:/api/customers/5 [0:0:0:0:0:0:0:1] -> Controller.Customer.TCustomerController.GetCustomer - 200 OK [dmvcframework]
2021-06-17 17:24:19:679  [TID       2912][INFO    ] Default Logger initialized [dmvcframework]
2021-06-17 17:24:19:694  [TID       2912][INFO    ] Server started on port 8080 [dmvcframework]
2021-06-17 17:24:51:520  [TID      10040][INFO    ] ENTER: Config default values [dmvcframework]
2021-06-17 17:24:51:520  [TID      10040][INFO    ] EXIT: Config default values [dmvcframework]
2021-06-17 17:24:51:520  [TID      10040][INFO    ] >> Custom configuration method [dmvcframework]
2021-06-17 17:24:51:520  [TID      10040][INFO    ] << Custom configuration method [dmvcframework]
2021-06-17 17:24:51:520  [TID      10040][INFO    ] ENTER: LoadSystemControllers [dmvcframework]
2021-06-17 17:24:51:520  [TID      10040][INFO    ] EXIT: LoadSystemControllers [dmvcframework]
2021-06-17 17:24:51:520  [TID      10040][INFO    ] GET:/api/customers [127.0.0.1] -> Controller.Customer.TCustomerController.GetCustomers - 200 OK [dmvcframework]
2021-06-17 17:43:10:365  [TID       6208][INFO    ] Default Logger initialized [dmvcframework]
2021-06-17 17:43:10:365  [TID       6208][INFO    ] Server started on port 8080 [dmvcframework]
2021-06-17 17:43:31:788  [TID       2804][INFO    ] Default Logger initialized [dmvcframework]
2021-06-17 17:43:31:788  [TID       2804][INFO    ] Server started on port 8080 [dmvcframework]
2021-06-17 17:46:13:257  [TID      10608][INFO    ] Default Logger initialized [dmvcframework]
2021-06-17 17:46:13:266  [TID      10608][INFO    ] Server started on port 8080 [dmvcframework]
2021-06-17 17:46:17:850  [TID       6540][INFO    ] ENTER: Config default values [dmvcframework]
2021-06-17 17:46:17:850  [TID       6540][INFO    ] EXIT: Config default values [dmvcframework]
2021-06-17 17:46:17:850  [TID       6540][INFO    ] >> Custom configuration method [dmvcframework]
2021-06-17 17:46:17:850  [TID       6540][INFO    ] << Custom configuration method [dmvcframework]
2021-06-17 17:46:17:850  [TID       6540][INFO    ] ENTER: LoadSystemControllers [dmvcframework]
2021-06-17 17:46:17:850  [TID       6540][INFO    ] EXIT: LoadSystemControllers [dmvcframework]
2021-06-17 17:46:17:850  [TID       6540][INFO    ] GET:/api/customers [127.0.0.1] -> Controller.Customer.TCustomerController.GetCustomers - 200 OK [dmvcframework]
2021-06-18 13:43:17:095  [TID       9756][INFO    ] Default Logger initialized [dmvcframework]
2021-06-18 13:43:17:095  [TID       9756][INFO    ] Server started on port 8080 [dmvcframework]
2021-06-18 13:43:40:932  [TID        388][INFO    ] Default Logger initialized [dmvcframework]
2021-06-18 13:43:40:955  [TID        388][INFO    ] Server started on port 8080 [dmvcframework]
2021-06-18 13:43:46:264  [TID      11728][INFO    ] ENTER: Config default values [dmvcframework]
2021-06-18 13:43:46:264  [TID      11728][INFO    ] EXIT: Config default values [dmvcframework]
2021-06-18 13:43:46:264  [TID      11728][INFO    ] >> Custom configuration method [dmvcframework]
2021-06-18 13:43:46:264  [TID      11728][INFO    ] << Custom configuration method [dmvcframework]
2021-06-18 13:43:46:264  [TID      11728][INFO    ] ENTER: LoadSystemControllers [dmvcframework]
2021-06-18 13:43:46:264  [TID      11728][INFO    ] EXIT: LoadSystemControllers [dmvcframework]
2021-06-18 13:43:46:314  [TID      11728][INFO    ] GET:/api/customers [127.0.0.1] -> Controller.Customer.TCustomerController.GetCustomers - 200 OK [dmvcframework]
2021-06-18 14:10:23:210  [TID       2432][INFO    ] Default Logger initialized [dmvcframework]
2021-06-18 14:10:23:211  [TID       2432][INFO    ] Server started on port 8080 [dmvcframework]
2021-06-18 14:10:32:313  [TID       7692][INFO    ] ENTER: Config default values [dmvcframework]
2021-06-18 14:10:32:313  [TID       7692][INFO    ] EXIT: Config default values [dmvcframework]
2021-06-18 14:10:32:313  [TID       7692][INFO    ] >> Custom configuration method [dmvcframework]
2021-06-18 14:10:32:313  [TID       7692][INFO    ] << Custom configuration method [dmvcframework]
2021-06-18 14:10:32:313  [TID       7692][INFO    ] ENTER: LoadSystemControllers [dmvcframework]
2021-06-18 14:10:32:313  [TID       7692][INFO    ] EXIT: LoadSystemControllers [dmvcframework]
2021-06-18 14:10:51:371  [TID       7692][ERROR   ] [EMVCException] Invalid Integer value for param [id] - [CLASS: EConvertError][MSG: '' is not a valid integer value] (Custom message: "") [dmvcframework]
2021-06-18 14:11:29:743  [TID       6444][INFO    ] Default Logger initialized [dmvcframework]
2021-06-18 14:11:29:766  [TID       6444][INFO    ] Server started on port 8080 [dmvcframework]
2021-06-18 14:11:33:361  [TID       3828][INFO    ] ENTER: Config default values [dmvcframework]
2021-06-18 14:11:33:361  [TID       3828][INFO    ] EXIT: Config default values [dmvcframework]
2021-06-18 14:11:33:361  [TID       3828][INFO    ] >> Custom configuration method [dmvcframework]
2021-06-18 14:11:33:361  [TID       3828][INFO    ] << Custom configuration method [dmvcframework]
2021-06-18 14:11:33:361  [TID       3828][INFO    ] ENTER: LoadSystemControllers [dmvcframework]
2021-06-18 14:11:33:361  [TID       3828][INFO    ] EXIT: LoadSystemControllers [dmvcframework]
2021-06-18 14:11:43:251  [TID       3828][ERROR   ] [EMVCException] Invalid Integer value for param [id] - [CLASS: EConvertError][MSG: '' is not a valid integer value] (Custom message: "") [dmvcframework]
2021-06-18 14:17:17:646  [TID       3220][INFO    ] Default Logger initialized [dmvcframework]
2021-06-18 14:17:17:646  [TID       3220][INFO    ] Server started on port 8080 [dmvcframework]
2021-06-18 14:17:19:397  [TID       8136][INFO    ] ENTER: Config default values [dmvcframework]
2021-06-18 14:17:19:397  [TID       8136][INFO    ] EXIT: Config default values [dmvcframework]
2021-06-18 14:17:19:397  [TID       8136][INFO    ] >> Custom configuration method [dmvcframework]
2021-06-18 14:17:19:397  [TID       8136][INFO    ] << Custom configuration method [dmvcframework]
2021-06-18 14:17:19:397  [TID       8136][INFO    ] ENTER: LoadSystemControllers [dmvcframework]
2021-06-18 14:17:19:397  [TID       8136][INFO    ] EXIT: LoadSystemControllers [dmvcframework]
2021-06-18 14:17:37:575  [TID       8136][ERROR   ] [EMVCException] Invalid Integer value for param [id] - [CLASS: EConvertError][MSG: '' is not a valid integer value] (Custom message: "") [dmvcframework]
2021-06-18 14:19:42:988  [TID       3192][INFO    ] Default Logger initialized [dmvcframework]
2021-06-18 14:19:43:006  [TID       3192][INFO    ] Server started on port 8080 [dmvcframework]
2021-06-18 14:19:46:787  [TID       9596][INFO    ] ENTER: Config default values [dmvcframework]
2021-06-18 14:19:46:787  [TID       9596][INFO    ] EXIT: Config default values [dmvcframework]
2021-06-18 14:19:46:787  [TID       9596][INFO    ] >> Custom configuration method [dmvcframework]
2021-06-18 14:19:46:787  [TID       9596][INFO    ] << Custom configuration method [dmvcframework]
2021-06-18 14:19:46:787  [TID       9596][INFO    ] ENTER: LoadSystemControllers [dmvcframework]
2021-06-18 14:19:46:787  [TID       9596][INFO    ] EXIT: LoadSystemControllers [dmvcframework]
2021-06-18 14:20:52:791  [TID       9596][ERROR   ] [EMVCException] Invalid Integer value for param [id] - [CLASS: EConvertError][MSG: '' is not a valid integer value] (Custom message: "") [dmvcframework]
