2021-07-21 13:39:31:848  [TID      15236][INFO    ] Default Logger initialized [dmvcframework]
2021-07-21 13:39:31:868  [TID      15236][INFO    ] Server started on port 8080 [dmvcframework]
2021-07-21 13:40:53:744  [TID      12928][INFO    ] Default Logger initialized [dmvcframework]
2021-07-21 13:40:53:744  [TID      12928][INFO    ] Server started on port 8080 [dmvcframework]
2021-07-21 13:41:33:860  [TID       5676][INFO    ] ENTER: Config default values [dmvcframework]
2021-07-21 13:41:33:860  [TID       5676][INFO    ] EXIT: Config default values [dmvcframework]
2021-07-21 13:41:33:860  [TID       5676][INFO    ] >> Custom configuration method [dmvcframework]
2021-07-21 13:41:33:860  [TID       5676][INFO    ] << Custom configuration method [dmvcframework]
2021-07-21 13:41:33:860  [TID       5676][INFO    ] ENTER: LoadSystemControllers [dmvcframework]
2021-07-21 13:41:33:860  [TID       5676][INFO    ] EXIT: LoadSystemControllers [dmvcframework]
2021-07-21 13:41:33:861  [TID       5676][INFO    ] GET:/api/customers [0:0:0:0:0:0:0:1] -> UControllerCustomer.TCustomerController.GetCustomers - 200 OK [dmvcframework]
2021-07-21 13:41:34:008  [TID       5676][INFO    ] GET:/favicon.ico [0:0:0:0:0:0:0:1] -> {NOT FOUND} - 404 Not Found [dmvcframework]
2021-07-21 13:41:34:126  [TID       5676][ERROR   ] [EMVCException] Not Found (Custom message: "GET /favicon.ico") [dmvcframework]
2021-07-21 13:42:11:032  [TID       1472][INFO    ] Default Logger initialized [dmvcframework]
2021-07-21 13:42:11:047  [TID       1472][INFO    ] Server started on port 8080 [dmvcframework]
2021-07-21 13:42:12:829  [TID       8464][INFO    ] ENTER: Config default values [dmvcframework]
2021-07-21 13:42:12:829  [TID       8464][INFO    ] EXIT: Config default values [dmvcframework]
2021-07-21 13:42:12:829  [TID       8464][INFO    ] >> Custom configuration method [dmvcframework]
2021-07-21 13:42:12:829  [TID       8464][INFO    ] << Custom configuration method [dmvcframework]
2021-07-21 13:42:12:829  [TID       8464][INFO    ] ENTER: LoadSystemControllers [dmvcframework]
2021-07-21 13:42:12:829  [TID       8464][INFO    ] EXIT: LoadSystemControllers [dmvcframework]
2021-07-21 13:44:23:841  [TID       2212][INFO    ] Default Logger initialized [dmvcframework]
2021-07-21 13:44:23:857  [TID       2212][INFO    ] Server started on port 8080 [dmvcframework]
2021-07-21 13:44:28:495  [TID      14784][INFO    ] ENTER: Config default values [dmvcframework]
2021-07-21 13:44:28:495  [TID      14784][INFO    ] EXIT: Config default values [dmvcframework]
2021-07-21 13:44:28:495  [TID      14784][INFO    ] >> Custom configuration method [dmvcframework]
2021-07-21 13:44:28:495  [TID      14784][INFO    ] << Custom configuration method [dmvcframework]
2021-07-21 13:44:28:495  [TID      14784][INFO    ] ENTER: LoadSystemControllers [dmvcframework]
2021-07-21 13:44:28:495  [TID      14784][INFO    ] EXIT: LoadSystemControllers [dmvcframework]
2021-07-21 13:44:54:221  [TID       2432][INFO    ] Default Logger initialized [dmvcframework]
2021-07-21 13:44:54:221  [TID       2432][INFO    ] Server started on port 8080 [dmvcframework]
2021-07-21 13:45:07:545  [TID        816][INFO    ] ENTER: Config default values [dmvcframework]
2021-07-21 13:45:07:545  [TID        816][INFO    ] EXIT: Config default values [dmvcframework]
2021-07-21 13:45:07:545  [TID        816][INFO    ] >> Custom configuration method [dmvcframework]
2021-07-21 13:45:07:545  [TID        816][INFO    ] << Custom configuration method [dmvcframework]
2021-07-21 13:45:07:545  [TID        816][INFO    ] ENTER: LoadSystemControllers [dmvcframework]
2021-07-21 13:45:07:545  [TID        816][INFO    ] EXIT: LoadSystemControllers [dmvcframework]
2021-07-21 13:45:07:546  [TID        816][INFO    ] GET:/api/customers [0:0:0:0:0:0:0:1] -> UControllerCustomer.TCustomerController.GetCustomers - 200 OK [dmvcframework]
2021-07-21 13:57:25:773  [TID       3860][INFO    ] Default Logger initialized [dmvcframework]
2021-07-21 13:57:25:789  [TID       3860][INFO    ] Server started on port 8080 [dmvcframework]
2021-07-21 14:09:59:867  [TID       1136][INFO    ] Default Logger initialized [dmvcframework]
2021-07-21 14:09:59:883  [TID       1136][INFO    ] Server started on port 8080 [dmvcframework]
2021-07-21 14:11:21:070  [TID       8788][INFO    ] Default Logger initialized [dmvcframework]
2021-07-21 14:11:21:070  [TID       8788][INFO    ] Server started on port 8080 [dmvcframework]
2021-07-21 14:16:27:171  [TID      10696][INFO    ] Default Logger initialized [dmvcframework]
2021-07-21 14:16:27:186  [TID      10696][INFO    ] Server started on port 8080 [dmvcframework]
2021-07-21 14:18:05:454  [TID       4180][INFO    ] Default Logger initialized [dmvcframework]
2021-07-21 14:18:05:454  [TID       4180][INFO    ] Server started on port 8080 [dmvcframework]
2021-07-21 14:18:11:933  [TID       2616][INFO    ] ENTER: Config default values [dmvcframework]
2021-07-21 14:20:20:669  [TID       2620][INFO    ] Default Logger initialized [dmvcframework]
2021-07-21 14:20:20:669  [TID       2620][INFO    ] Server started on port 8080 [dmvcframework]
2021-07-21 14:20:26:127  [TID       4936][INFO    ] ENTER: Config default values [dmvcframework]
2021-07-21 14:20:26:127  [TID       4936][INFO    ] EXIT: Config default values [dmvcframework]
2021-07-21 14:20:26:127  [TID       4936][INFO    ] >> Custom configuration method [dmvcframework]
2021-07-21 14:20:26:127  [TID       4936][INFO    ] << Custom configuration method [dmvcframework]
2021-07-21 14:20:26:127  [TID       4936][INFO    ] ENTER: LoadSystemControllers [dmvcframework]
2021-07-21 14:20:26:127  [TID       4936][INFO    ] EXIT: LoadSystemControllers [dmvcframework]
2021-07-21 14:20:37:680  [TID       4936][ERROR   ] [EMVCActiveRecord] No current connection for thread (Custom message: "") [dmvcframework]
2021-07-21 14:21:48:785  [TID       6656][INFO    ] Default Logger initialized [dmvcframework]
2021-07-21 14:21:48:785  [TID       6656][INFO    ] Server started on port 8080 [dmvcframework]
2021-07-21 14:21:56:327  [TID      12924][INFO    ] ENTER: Config default values [dmvcframework]
2021-07-21 14:21:56:327  [TID      12924][INFO    ] EXIT: Config default values [dmvcframework]
2021-07-21 14:21:56:327  [TID      12924][INFO    ] >> Custom configuration method [dmvcframework]
2021-07-21 14:21:56:327  [TID      12924][INFO    ] << Custom configuration method [dmvcframework]
2021-07-21 14:21:56:327  [TID      12924][INFO    ] ENTER: LoadSystemControllers [dmvcframework]
2021-07-21 14:21:56:327  [TID      12924][INFO    ] EXIT: LoadSystemControllers [dmvcframework]
2021-07-21 14:21:58:819  [TID      12924][ERROR   ] [EMVCActiveRecord] No current connection for thread (Custom message: "") [dmvcframework]
2021-07-21 14:34:47:996  [TID       8124][INFO    ] Default Logger initialized [dmvcframework]
2021-07-21 14:34:47:996  [TID       8124][INFO    ] Server started on port 8080 [dmvcframework]
2021-07-21 14:39:39:796  [TID      14792][INFO    ] Default Logger initialized [dmvcframework]
2021-07-21 14:39:39:796  [TID      14792][INFO    ] Server started on port 8080 [dmvcframework]
2021-07-21 14:57:43:475  [TID      14664][INFO    ] Default Logger initialized [dmvcframework]
2021-07-21 14:57:43:475  [TID      14664][INFO    ] Server started on port 8080 [dmvcframework]
2021-07-21 15:00:30:208  [TID       6512][INFO    ] Default Logger initialized [dmvcframework]
2021-07-21 15:00:30:208  [TID       6512][INFO    ] Server started on port 8080 [dmvcframework]
2021-07-21 15:00:33:046  [TID      11992][INFO    ] ENTER: Config default values [dmvcframework]
2021-07-21 15:00:33:046  [TID      11992][INFO    ] EXIT: Config default values [dmvcframework]
2021-07-21 15:00:33:046  [TID      11992][INFO    ] >> Custom configuration method [dmvcframework]
2021-07-21 15:00:33:046  [TID      11992][INFO    ] << Custom configuration method [dmvcframework]
2021-07-21 15:00:33:046  [TID      11992][INFO    ] ENTER: LoadSystemControllers [dmvcframework]
2021-07-21 15:00:33:046  [TID      11992][INFO    ] EXIT: LoadSystemControllers [dmvcframework]
2021-07-21 15:00:55:021  [TID      11992][ERROR   ] [EMVCActiveRecord] No current connection for thread (Custom message: "") [dmvcframework]
2021-07-21 15:04:51:396  [TID      13448][INFO    ] Default Logger initialized [dmvcframework]
2021-07-21 15:04:51:409  [TID      13448][INFO    ] Server started on port 8080 [dmvcframework]
2021-07-21 15:04:56:491  [TID      11240][INFO    ] ENTER: Config default values [dmvcframework]
2021-07-21 15:04:56:491  [TID      11240][INFO    ] EXIT: Config default values [dmvcframework]
2021-07-21 15:04:56:491  [TID      11240][INFO    ] >> Custom configuration method [dmvcframework]
2021-07-21 15:04:56:491  [TID      11240][INFO    ] << Custom configuration method [dmvcframework]
2021-07-21 15:04:56:491  [TID      11240][INFO    ] ENTER: LoadSystemControllers [dmvcframework]
2021-07-21 15:04:56:491  [TID      11240][INFO    ] EXIT: LoadSystemControllers [dmvcframework]
2021-07-21 15:04:56:502  [TID      11240][INFO    ] GET:/api/customers [0:0:0:0:0:0:0:1] -> UControllerCustomer.TCustomerController.GetCustomers - 200 OK [dmvcframework]
2021-07-21 15:05:06:367  [TID      11240][ERROR   ] [EListError] Duplicates not allowed (Custom message: "Cannot create controller") [dmvcframework]
2021-07-21 15:05:07:461  [TID      11240][ERROR   ] [EMVCException] Cannot create controller (Custom message: "") [dmvcframework]
2021-07-21 15:05:52:792  [TID      14396][INFO    ] Default Logger initialized [dmvcframework]
2021-07-21 15:05:52:792  [TID      14396][INFO    ] Server started on port 8080 [dmvcframework]
2021-07-21 15:05:56:540  [TID       1320][INFO    ] ENTER: Config default values [dmvcframework]
2021-07-21 15:05:56:540  [TID       1320][INFO    ] EXIT: Config default values [dmvcframework]
2021-07-21 15:05:56:540  [TID       1320][INFO    ] >> Custom configuration method [dmvcframework]
2021-07-21 15:05:56:540  [TID       1320][INFO    ] << Custom configuration method [dmvcframework]
2021-07-21 15:05:56:540  [TID       1320][INFO    ] ENTER: LoadSystemControllers [dmvcframework]
2021-07-21 15:05:56:540  [TID       1320][INFO    ] EXIT: LoadSystemControllers [dmvcframework]
2021-07-21 15:05:56:543  [TID       1320][INFO    ] GET:/api/customers [0:0:0:0:0:0:0:1] -> UControllerCustomer.TCustomerController.GetCustomers - 200 OK [dmvcframework]
2021-07-21 15:17:33:092  [TID      15040][INFO    ] Default Logger initialized [dmvcframework]
2021-07-21 15:17:33:114  [TID      15040][INFO    ] Server started on port 8080 [dmvcframework]
2021-07-21 15:17:42:070  [TID      12648][INFO    ] ENTER: Config default values [dmvcframework]
2021-07-21 15:17:42:070  [TID      12648][INFO    ] EXIT: Config default values [dmvcframework]
2021-07-21 15:17:42:070  [TID      12648][INFO    ] >> Custom configuration method [dmvcframework]
2021-07-21 15:17:42:070  [TID      12648][INFO    ] << Custom configuration method [dmvcframework]
2021-07-21 15:17:42:070  [TID      12648][INFO    ] ENTER: LoadSystemControllers [dmvcframework]
2021-07-21 15:17:42:070  [TID      12648][INFO    ] EXIT: LoadSystemControllers [dmvcframework]
2021-07-21 15:17:42:074  [TID      12648][INFO    ] GET:/api/customers/1 [0:0:0:0:0:0:0:1] -> UControllerCustomer.TCustomerController.GetCustomer - 200 OK [dmvcframework]
2021-07-21 15:20:06:989  [TID       1400][INFO    ] Default Logger initialized [dmvcframework]
2021-07-21 15:20:07:004  [TID       1400][INFO    ] Server started on port 8080 [dmvcframework]
2021-07-21 15:20:11:499  [TID      10748][INFO    ] ENTER: Config default values [dmvcframework]
2021-07-21 15:20:11:499  [TID      10748][INFO    ] EXIT: Config default values [dmvcframework]
2021-07-21 15:20:11:499  [TID      10748][INFO    ] >> Custom configuration method [dmvcframework]
2021-07-21 15:20:11:499  [TID      10748][INFO    ] << Custom configuration method [dmvcframework]
2021-07-21 15:20:11:499  [TID      10748][INFO    ] ENTER: LoadSystemControllers [dmvcframework]
2021-07-21 15:20:11:499  [TID      10748][INFO    ] EXIT: LoadSystemControllers [dmvcframework]
2021-07-21 15:20:11:503  [TID      10748][INFO    ] GET:/api/customers [0:0:0:0:0:0:0:1] -> UControllerCustomer.TCustomerController.GetCustomers - 200 OK [dmvcframework]
2021-07-21 15:21:48:385  [TID       7356][INFO    ] Default Logger initialized [dmvcframework]
2021-07-21 15:21:48:401  [TID       7356][INFO    ] Server started on port 8080 [dmvcframework]
2021-07-21 15:21:51:615  [TID      12296][INFO    ] ENTER: Config default values [dmvcframework]
2021-07-21 15:21:51:615  [TID      12296][INFO    ] EXIT: Config default values [dmvcframework]
2021-07-21 15:21:51:615  [TID      12296][INFO    ] >> Custom configuration method [dmvcframework]
2021-07-21 15:21:51:615  [TID      12296][INFO    ] << Custom configuration method [dmvcframework]
2021-07-21 15:21:51:615  [TID      12296][INFO    ] ENTER: LoadSystemControllers [dmvcframework]
2021-07-21 15:21:51:615  [TID      12296][INFO    ] EXIT: LoadSystemControllers [dmvcframework]
2021-07-21 15:21:51:646  [TID      12296][INFO    ] GET:/api/customers [0:0:0:0:0:0:0:1] -> UControllerCustomer.TCustomerController.GetCustomers - 200 OK [dmvcframework]
2021-07-21 15:22:31:472  [TID      14836][INFO    ] Default Logger initialized [dmvcframework]
2021-07-21 15:22:31:472  [TID      14836][INFO    ] Server started on port 8080 [dmvcframework]
2021-07-21 15:22:33:395  [TID       8280][INFO    ] ENTER: Config default values [dmvcframework]
2021-07-21 15:22:33:395  [TID       8280][INFO    ] EXIT: Config default values [dmvcframework]
2021-07-21 15:22:33:395  [TID       8280][INFO    ] >> Custom configuration method [dmvcframework]
2021-07-21 15:22:33:395  [TID       8280][INFO    ] << Custom configuration method [dmvcframework]
2021-07-21 15:22:33:395  [TID       8280][INFO    ] ENTER: LoadSystemControllers [dmvcframework]
2021-07-21 15:22:33:395  [TID       8280][INFO    ] EXIT: LoadSystemControllers [dmvcframework]
2021-07-21 15:22:33:399  [TID       8280][INFO    ] GET:/api/customers [0:0:0:0:0:0:0:1] -> UControllerCustomer.TCustomerController.GetCustomers - 200 OK [dmvcframework]
2021-07-21 15:28:00:055  [TID       2912][INFO    ] Default Logger initialized [dmvcframework]
2021-07-21 15:28:00:055  [TID       2912][INFO    ] Server started on port 8080 [dmvcframework]
2021-07-21 15:28:04:377  [TID      12932][INFO    ] ENTER: Config default values [dmvcframework]
2021-07-21 15:28:04:377  [TID      12932][INFO    ] EXIT: Config default values [dmvcframework]
2021-07-21 15:28:04:377  [TID      12932][INFO    ] >> Custom configuration method [dmvcframework]
2021-07-21 15:28:04:377  [TID      12932][INFO    ] << Custom configuration method [dmvcframework]
2021-07-21 15:28:04:377  [TID      12932][INFO    ] ENTER: LoadSystemControllers [dmvcframework]
2021-07-21 15:28:04:377  [TID      12932][INFO    ] EXIT: LoadSystemControllers [dmvcframework]
2021-07-21 15:28:04:381  [TID      12932][INFO    ] GET:/api/customers [0:0:0:0:0:0:0:1] -> UControllerCustomer.TCustomerController.GetCustomers - 200 OK [dmvcframework]
2021-07-21 15:33:10:663  [TID       8044][INFO    ] Default Logger initialized [dmvcframework]
2021-07-21 15:33:10:663  [TID       8044][INFO    ] Server started on port 8080 [dmvcframework]
2021-07-21 15:33:13:887  [TID      11240][INFO    ] ENTER: Config default values [dmvcframework]
2021-07-21 15:33:13:887  [TID      11240][INFO    ] EXIT: Config default values [dmvcframework]
2021-07-21 15:33:13:887  [TID      11240][INFO    ] >> Custom configuration method [dmvcframework]
2021-07-21 15:33:13:887  [TID      11240][INFO    ] << Custom configuration method [dmvcframework]
2021-07-21 15:33:13:887  [TID      11240][INFO    ] ENTER: LoadSystemControllers [dmvcframework]
2021-07-21 15:33:13:887  [TID      11240][INFO    ] EXIT: LoadSystemControllers [dmvcframework]
2021-07-21 15:33:13:891  [TID      11240][INFO    ] GET:/api/customers [0:0:0:0:0:0:0:1] -> UControllerCustomer.TCustomerController.GetCustomers - 200 OK [dmvcframework]
2021-07-21 15:33:53:334  [TID      12232][INFO    ] Default Logger initialized [dmvcframework]
2021-07-21 15:33:53:334  [TID      12232][INFO    ] Server started on port 8080 [dmvcframework]
2021-07-21 15:33:54:180  [TID      10952][INFO    ] ENTER: Config default values [dmvcframework]
2021-07-21 15:33:54:180  [TID      10952][INFO    ] EXIT: Config default values [dmvcframework]
2021-07-21 15:33:54:180  [TID      10952][INFO    ] >> Custom configuration method [dmvcframework]
2021-07-21 15:33:54:180  [TID      10952][INFO    ] << Custom configuration method [dmvcframework]
2021-07-21 15:33:54:180  [TID      10952][INFO    ] ENTER: LoadSystemControllers [dmvcframework]
2021-07-21 15:33:54:180  [TID      10952][INFO    ] EXIT: LoadSystemControllers [dmvcframework]
2021-07-21 15:33:54:184  [TID      10952][INFO    ] GET:/api/customers [0:0:0:0:0:0:0:1] -> UControllerCustomer.TCustomerController.GetCustomers - 200 OK [dmvcframework]
2021-07-21 15:36:29:470  [TID       2448][INFO    ] Default Logger initialized [dmvcframework]
2021-07-21 15:36:29:470  [TID       2448][INFO    ] Server started on port 8080 [dmvcframework]
2021-07-21 15:36:32:108  [TID       7608][INFO    ] ENTER: Config default values [dmvcframework]
2021-07-21 15:36:32:108  [TID       7608][INFO    ] EXIT: Config default values [dmvcframework]
2021-07-21 15:36:32:108  [TID       7608][INFO    ] >> Custom configuration method [dmvcframework]
2021-07-21 15:36:32:108  [TID       7608][INFO    ] << Custom configuration method [dmvcframework]
2021-07-21 15:36:32:108  [TID       7608][INFO    ] ENTER: LoadSystemControllers [dmvcframework]
2021-07-21 15:36:32:108  [TID       7608][INFO    ] EXIT: LoadSystemControllers [dmvcframework]
2021-07-21 15:36:32:112  [TID       7608][INFO    ] GET:/api/customers [0:0:0:0:0:0:0:1] -> UControllerCustomer.TCustomerController.GetCustomers - 200 OK [dmvcframework]
2021-07-21 15:38:39:367  [TID       1820][INFO    ] Default Logger initialized [dmvcframework]
2021-07-21 15:38:39:367  [TID       1820][INFO    ] Server started on port 8080 [dmvcframework]
2021-07-21 15:38:43:305  [TID       2732][INFO    ] ENTER: Config default values [dmvcframework]
2021-07-21 15:38:43:305  [TID       2732][INFO    ] EXIT: Config default values [dmvcframework]
2021-07-21 15:38:43:305  [TID       2732][INFO    ] >> Custom configuration method [dmvcframework]
2021-07-21 15:38:43:305  [TID       2732][INFO    ] << Custom configuration method [dmvcframework]
2021-07-21 15:38:43:305  [TID       2732][INFO    ] ENTER: LoadSystemControllers [dmvcframework]
2021-07-21 15:38:43:305  [TID       2732][INFO    ] EXIT: LoadSystemControllers [dmvcframework]
2021-07-21 15:38:43:309  [TID       2732][INFO    ] GET:/api/customers [0:0:0:0:0:0:0:1] -> UControllerCustomer.TCustomerController.GetCustomers - 200 OK [dmvcframework]
2021-07-21 15:39:35:449  [TID      10136][INFO    ] Default Logger initialized [dmvcframework]
2021-07-21 15:39:35:464  [TID      10136][INFO    ] Server started on port 8080 [dmvcframework]
2021-07-21 15:39:40:573  [TID      14276][INFO    ] ENTER: Config default values [dmvcframework]
2021-07-21 15:39:40:573  [TID      14276][INFO    ] EXIT: Config default values [dmvcframework]
2021-07-21 15:39:40:573  [TID      14276][INFO    ] >> Custom configuration method [dmvcframework]
2021-07-21 15:39:40:573  [TID      14276][INFO    ] << Custom configuration method [dmvcframework]
2021-07-21 15:39:40:573  [TID      14276][INFO    ] ENTER: LoadSystemControllers [dmvcframework]
2021-07-21 15:39:40:573  [TID      14276][INFO    ] EXIT: LoadSystemControllers [dmvcframework]
2021-07-21 15:39:40:577  [TID      14276][INFO    ] GET:/api/customers [0:0:0:0:0:0:0:1] -> UControllerCustomer.TCustomerController.GetCustomers - 200 OK [dmvcframework]
2021-07-21 15:40:29:364  [TID       4820][INFO    ] Default Logger initialized [dmvcframework]
2021-07-21 15:40:29:380  [TID       4820][INFO    ] Server started on port 8080 [dmvcframework]
2021-07-21 15:40:32:835  [TID      14496][INFO    ] ENTER: Config default values [dmvcframework]
2021-07-21 15:40:32:835  [TID      14496][INFO    ] EXIT: Config default values [dmvcframework]
2021-07-21 15:40:32:835  [TID      14496][INFO    ] >> Custom configuration method [dmvcframework]
2021-07-21 15:40:32:835  [TID      14496][INFO    ] << Custom configuration method [dmvcframework]
2021-07-21 15:40:32:835  [TID      14496][INFO    ] ENTER: LoadSystemControllers [dmvcframework]
2021-07-21 15:40:32:835  [TID      14496][INFO    ] EXIT: LoadSystemControllers [dmvcframework]
2021-07-21 15:40:32:844  [TID      14496][INFO    ] GET:/api/customers [0:0:0:0:0:0:0:1] -> UControllerCustomer.TCustomerController.GetCustomers - 200 OK [dmvcframework]
2021-07-21 16:00:00:057  [TID       8012][INFO    ] Default Logger initialized [dmvcframework]
2021-07-21 16:00:00:063  [TID       8012][INFO    ] Server started on port 8080 [dmvcframework]
2021-07-21 16:01:21:413  [TID       4004][INFO    ] ENTER: Config default values [dmvcframework]
2021-07-21 16:01:21:413  [TID       4004][INFO    ] EXIT: Config default values [dmvcframework]
2021-07-21 16:01:21:413  [TID       4004][INFO    ] >> Custom configuration method [dmvcframework]
2021-07-21 16:01:21:413  [TID       4004][INFO    ] << Custom configuration method [dmvcframework]
2021-07-21 16:01:21:413  [TID       4004][INFO    ] ENTER: LoadSystemControllers [dmvcframework]
2021-07-21 16:01:21:413  [TID       4004][INFO    ] EXIT: LoadSystemControllers [dmvcframework]
2021-07-21 16:02:35:065  [TID       3296][INFO    ] Default Logger initialized [dmvcframework]
2021-07-21 16:02:35:065  [TID       3296][INFO    ] Server started on port 8080 [dmvcframework]
2021-07-21 16:02:39:171  [TID       8160][INFO    ] ENTER: Config default values [dmvcframework]
2021-07-21 16:02:39:171  [TID       8160][INFO    ] EXIT: Config default values [dmvcframework]
2021-07-21 16:02:39:171  [TID       8160][INFO    ] >> Custom configuration method [dmvcframework]
2021-07-21 16:02:39:171  [TID       8160][INFO    ] << Custom configuration method [dmvcframework]
2021-07-21 16:02:39:171  [TID       8160][INFO    ] ENTER: LoadSystemControllers [dmvcframework]
2021-07-21 16:02:39:171  [TID       8160][INFO    ] EXIT: LoadSystemControllers [dmvcframework]
2021-07-21 16:02:39:173  [TID       8160][ERROR   ] [EMVCDeserializationException] Body ContentType "text/plain" not supported (Custom message: "") [dmvcframework]
2021-07-21 16:03:53:771  [TID       7776][INFO    ] Default Logger initialized [dmvcframework]
2021-07-21 16:03:53:779  [TID       7776][INFO    ] Server started on port 8080 [dmvcframework]
2021-07-21 16:04:17:785  [TID      14832][INFO    ] ENTER: Config default values [dmvcframework]
2021-07-21 16:04:17:785  [TID      14832][INFO    ] EXIT: Config default values [dmvcframework]
2021-07-21 16:04:17:785  [TID      14832][INFO    ] >> Custom configuration method [dmvcframework]
2021-07-21 16:04:17:785  [TID      14832][INFO    ] << Custom configuration method [dmvcframework]
2021-07-21 16:04:17:786  [TID      14832][INFO    ] ENTER: LoadSystemControllers [dmvcframework]
2021-07-21 16:04:17:786  [TID      14832][INFO    ] EXIT: LoadSystemControllers [dmvcframework]
2021-07-21 16:04:17:789  [TID      14832][INFO    ] GET:/api/customers [0:0:0:0:0:0:0:1] -> UControllerCustomer.TCustomerController.GetCustomers - 200 OK [dmvcframework]
2021-07-21 16:06:48:072  [TID       1016][INFO    ] Default Logger initialized [dmvcframework]
2021-07-21 16:06:48:072  [TID       1016][INFO    ] Server started on port 8080 [dmvcframework]
2021-07-21 16:07:46:610  [TID       7716][INFO    ] ENTER: Config default values [dmvcframework]
2021-07-21 16:07:46:610  [TID       7716][INFO    ] EXIT: Config default values [dmvcframework]
2021-07-21 16:07:46:610  [TID       7716][INFO    ] >> Custom configuration method [dmvcframework]
2021-07-21 16:07:46:610  [TID       7716][INFO    ] << Custom configuration method [dmvcframework]
2021-07-21 16:07:46:610  [TID       7716][INFO    ] ENTER: LoadSystemControllers [dmvcframework]
2021-07-21 16:07:46:610  [TID       7716][INFO    ] EXIT: LoadSystemControllers [dmvcframework]
2021-07-21 16:10:30:542  [TID      15180][INFO    ] Default Logger initialized [dmvcframework]
2021-07-21 16:10:30:542  [TID      15180][INFO    ] Server started on port 8080 [dmvcframework]
2021-07-21 16:10:40:565  [TID       1048][INFO    ] ENTER: Config default values [dmvcframework]
2021-07-21 16:10:40:565  [TID       1048][INFO    ] EXIT: Config default values [dmvcframework]
2021-07-21 16:10:40:565  [TID       1048][INFO    ] >> Custom configuration method [dmvcframework]
2021-07-21 16:10:40:565  [TID       1048][INFO    ] << Custom configuration method [dmvcframework]
2021-07-21 16:10:40:565  [TID       1048][INFO    ] ENTER: LoadSystemControllers [dmvcframework]
2021-07-21 16:10:40:565  [TID       1048][INFO    ] EXIT: LoadSystemControllers [dmvcframework]
2021-07-21 16:10:40:569  [TID       1048][INFO    ] GET:/api/customers [0:0:0:0:0:0:0:1] -> UControllerCustomer.TCustomerController.GetCustomers - 200 OK [dmvcframework]
2021-07-21 16:13:47:428  [TID      11308][INFO    ] Default Logger initialized [dmvcframework]
2021-07-21 16:13:47:444  [TID      11308][INFO    ] Server started on port 8080 [dmvcframework]
2021-07-21 16:13:50:608  [TID      12612][INFO    ] ENTER: Config default values [dmvcframework]
2021-07-21 16:13:50:608  [TID      12612][INFO    ] EXIT: Config default values [dmvcframework]
2021-07-21 16:13:50:608  [TID      12612][INFO    ] >> Custom configuration method [dmvcframework]
2021-07-21 16:13:50:608  [TID      12612][INFO    ] << Custom configuration method [dmvcframework]
2021-07-21 16:13:50:608  [TID      12612][INFO    ] ENTER: LoadSystemControllers [dmvcframework]
2021-07-21 16:13:50:608  [TID      12612][INFO    ] EXIT: LoadSystemControllers [dmvcframework]
2021-07-21 16:14:19:772  [TID       4152][INFO    ] Default Logger initialized [dmvcframework]
2021-07-21 16:14:19:787  [TID       4152][INFO    ] Server started on port 8080 [dmvcframework]
2021-07-21 16:14:40:571  [TID       7396][INFO    ] ENTER: Config default values [dmvcframework]
2021-07-21 16:14:40:571  [TID       7396][INFO    ] EXIT: Config default values [dmvcframework]
2021-07-21 16:14:40:571  [TID       7396][INFO    ] >> Custom configuration method [dmvcframework]
2021-07-21 16:14:40:571  [TID       7396][INFO    ] << Custom configuration method [dmvcframework]
2021-07-21 16:14:40:571  [TID       7396][INFO    ] ENTER: LoadSystemControllers [dmvcframework]
2021-07-21 16:14:40:571  [TID       7396][INFO    ] EXIT: LoadSystemControllers [dmvcframework]
2021-07-21 16:14:40:574  [TID       7396][INFO    ] POST:/api/customers [0:0:0:0:0:0:0:1] -> UControllerCustomer.TCustomerController.CreateCustomer - 200 OK [dmvcframework]
2021-07-21 16:18:09:693  [TID       8160][INFO    ] Default Logger initialized [dmvcframework]
2021-07-21 16:18:09:709  [TID       8160][INFO    ] Server started on port 8080 [dmvcframework]
2021-07-21 16:18:55:360  [TID       2212][INFO    ] ENTER: Config default values [dmvcframework]
2021-07-21 16:18:55:360  [TID       2212][INFO    ] EXIT: Config default values [dmvcframework]
2021-07-21 16:18:55:360  [TID       2212][INFO    ] >> Custom configuration method [dmvcframework]
2021-07-21 16:18:55:360  [TID       2212][INFO    ] << Custom configuration method [dmvcframework]
2021-07-21 16:18:55:360  [TID       2212][INFO    ] ENTER: LoadSystemControllers [dmvcframework]
2021-07-21 16:18:55:360  [TID       2212][INFO    ] EXIT: LoadSystemControllers [dmvcframework]
2021-07-21 16:18:55:364  [TID       2212][INFO    ] PUT:/api/customers/7 [0:0:0:0:0:0:0:1] -> UControllerCustomer.TCustomerController.UpdateCustomer - 200 OK [dmvcframework]
2021-07-22 08:29:03:625  [TID      10800][INFO    ] Default Logger initialized [dmvcframework]
2021-07-22 08:29:03:646  [TID      10800][INFO    ] Server started on port 8080 [dmvcframework]
2021-07-22 08:29:43:663  [TID       2824][INFO    ] Default Logger initialized [dmvcframework]
2021-07-22 08:29:43:663  [TID       2824][INFO    ] Server started on port 8080 [dmvcframework]
2021-07-22 08:30:32:826  [TID      11732][INFO    ] ENTER: Config default values [dmvcframework]
2021-07-22 08:30:32:826  [TID      11732][INFO    ] EXIT: Config default values [dmvcframework]
2021-07-22 08:30:32:826  [TID      11732][INFO    ] >> Custom configuration method [dmvcframework]
2021-07-22 08:30:32:826  [TID      11732][INFO    ] << Custom configuration method [dmvcframework]
2021-07-22 08:30:32:826  [TID      11732][INFO    ] ENTER: LoadSystemControllers [dmvcframework]
2021-07-22 08:30:32:826  [TID      11732][INFO    ] EXIT: LoadSystemControllers [dmvcframework]
2021-07-22 08:31:01:088  [TID      11732][INFO    ] GET:/api/customers [0:0:0:0:0:0:0:1] -> UControllerCustomer.TCustomerController.GetCustomers - 200 OK [dmvcframework]
2021-07-22 08:31:12:767  [TID      11732][ERROR   ] [EListError] Duplicates not allowed (Custom message: "Cannot create controller") [dmvcframework]
2021-07-22 08:31:14:265  [TID      11732][ERROR   ] [EMVCException] Cannot create controller (Custom message: "") [dmvcframework]
2021-07-22 08:31:39:228  [TID       7200][INFO    ] Default Logger initialized [dmvcframework]
2021-07-22 08:31:39:228  [TID       7200][INFO    ] Server started on port 8080 [dmvcframework]
2021-07-22 08:31:43:993  [TID       8960][INFO    ] ENTER: Config default values [dmvcframework]
2021-07-22 08:31:43:993  [TID       8960][INFO    ] EXIT: Config default values [dmvcframework]
2021-07-22 08:31:43:993  [TID       8960][INFO    ] >> Custom configuration method [dmvcframework]
2021-07-22 08:31:43:993  [TID       8960][INFO    ] << Custom configuration method [dmvcframework]
2021-07-22 08:31:43:993  [TID       8960][INFO    ] ENTER: LoadSystemControllers [dmvcframework]
2021-07-22 08:31:43:993  [TID       8960][INFO    ] EXIT: LoadSystemControllers [dmvcframework]
2021-07-22 08:34:22:117  [TID       8960][INFO    ] GET:/api/customers [0:0:0:0:0:0:0:1] -> UControllerCustomer.TCustomerController.GetCustomers - 200 OK [dmvcframework]
2021-07-22 13:27:37:664  [TID       7296][INFO    ] Default Logger initialized [dmvcframework]
2021-07-22 13:27:37:664  [TID       7296][INFO    ] Server started on port 8080 [dmvcframework]
2021-07-22 13:28:02:515  [TID       1988][INFO    ] ENTER: Config default values [dmvcframework]
2021-07-22 13:28:02:515  [TID       1988][INFO    ] EXIT: Config default values [dmvcframework]
2021-07-22 13:28:02:515  [TID       1988][INFO    ] >> Custom configuration method [dmvcframework]
2021-07-22 13:28:02:515  [TID       1988][INFO    ] << Custom configuration method [dmvcframework]
2021-07-22 13:28:02:515  [TID       1988][INFO    ] ENTER: LoadSystemControllers [dmvcframework]
2021-07-22 13:28:02:515  [TID       1988][INFO    ] EXIT: LoadSystemControllers [dmvcframework]
2021-07-22 13:28:02:526  [TID       1988][INFO    ] GET:/api/customers [0:0:0:0:0:0:0:1] -> UControllerCustomer.TCustomerController.GetCustomers - 200 OK [dmvcframework]
2021-07-22 13:28:37:470  [TID       1988][ERROR   ] [EListError] Duplicates not allowed (Custom message: "Cannot create controller") [dmvcframework]
2021-07-22 13:28:39:190  [TID       1988][ERROR   ] [EMVCException] Cannot create controller (Custom message: "") [dmvcframework]
2021-07-22 13:28:53:903  [TID      14644][INFO    ] Default Logger initialized [dmvcframework]
2021-07-22 13:28:53:918  [TID      14644][INFO    ] Server started on port 8080 [dmvcframework]
2021-07-22 13:29:02:246  [TID      14736][INFO    ] ENTER: Config default values [dmvcframework]
2021-07-22 13:29:02:246  [TID      14736][INFO    ] EXIT: Config default values [dmvcframework]
2021-07-22 13:29:02:246  [TID      14736][INFO    ] >> Custom configuration method [dmvcframework]
2021-07-22 13:29:02:246  [TID      14736][INFO    ] << Custom configuration method [dmvcframework]
2021-07-22 13:29:02:246  [TID      14736][INFO    ] ENTER: LoadSystemControllers [dmvcframework]
2021-07-22 13:29:02:246  [TID      14736][INFO    ] EXIT: LoadSystemControllers [dmvcframework]
2021-07-22 13:29:02:249  [TID      14736][INFO    ] GET:/api/customers/2 [0:0:0:0:0:0:0:1] -> UControllerCustomer.TCustomerController.GetCustomer - 200 OK [dmvcframework]
2021-07-22 13:30:02:545  [TID      14736][ERROR   ] [EListError] Duplicates not allowed (Custom message: "Cannot create controller") [dmvcframework]
2021-07-22 13:30:03:852  [TID      14736][ERROR   ] [EMVCException] Cannot create controller (Custom message: "") [dmvcframework]
2021-07-22 13:44:10:872  [TID      14776][INFO    ] Default Logger initialized [dmvcframework]
2021-07-22 13:44:10:890  [TID      14776][INFO    ] Server started on port 8080 [dmvcframework]
2021-07-22 13:44:22:856  [TID       6656][INFO    ] ENTER: Config default values [dmvcframework]
2021-07-22 13:44:22:856  [TID       6656][INFO    ] EXIT: Config default values [dmvcframework]
2021-07-22 13:44:22:856  [TID       6656][INFO    ] >> Custom configuration method [dmvcframework]
2021-07-22 13:44:22:856  [TID       6656][INFO    ] << Custom configuration method [dmvcframework]
2021-07-22 13:44:22:856  [TID       6656][INFO    ] ENTER: LoadSystemControllers [dmvcframework]
2021-07-22 13:44:22:856  [TID       6656][INFO    ] EXIT: LoadSystemControllers [dmvcframework]
2021-07-22 13:44:22:861  [TID       6656][INFO    ] GET:/api/customers [0:0:0:0:0:0:0:1] -> UControllerCustomer.TCustomerController.GetCustomers - 200 OK [dmvcframework]
2021-07-22 14:07:03:362  [TID       6328][INFO    ] Default Logger initialized [dmvcframework]
2021-07-22 14:07:03:387  [TID       6328][INFO    ] Server started on port 8080 [dmvcframework]
2021-07-22 14:07:07:563  [TID       5928][INFO    ] ENTER: Config default values [dmvcframework]
2021-07-22 14:07:07:563  [TID       5928][INFO    ] EXIT: Config default values [dmvcframework]
2021-07-22 14:07:07:563  [TID       5928][INFO    ] >> Custom configuration method [dmvcframework]
2021-07-22 14:07:07:563  [TID       5928][INFO    ] << Custom configuration method [dmvcframework]
2021-07-22 14:07:07:563  [TID       5928][INFO    ] ENTER: LoadSystemControllers [dmvcframework]
2021-07-22 14:07:07:563  [TID       5928][INFO    ] EXIT: LoadSystemControllers [dmvcframework]
2021-07-22 14:07:07:570  [TID       5928][INFO    ] GET:/api/customers [0:0:0:0:0:0:0:1] -> UControllerCustomer.TCustomerController.GetCustomers - 200 OK [dmvcframework]
2021-07-22 14:08:16:999  [TID      13584][INFO    ] Default Logger initialized [dmvcframework]
2021-07-22 14:08:17:024  [TID      13584][INFO    ] Server started on port 8080 [dmvcframework]
2021-07-22 14:21:09:488  [TID      11892][INFO    ] Default Logger initialized [dmvcframework]
2021-07-22 14:21:09:537  [TID      11892][INFO    ] Server started on port 8080 [dmvcframework]
2021-07-22 14:21:14:664  [TID      13316][INFO    ] ENTER: Config default values [dmvcframework]
2021-07-22 14:21:14:664  [TID      13316][INFO    ] EXIT: Config default values [dmvcframework]
2021-07-22 14:21:14:664  [TID      13316][INFO    ] >> Custom configuration method [dmvcframework]
2021-07-22 14:21:14:664  [TID      13316][INFO    ] << Custom configuration method [dmvcframework]
2021-07-22 14:21:14:665  [TID      13316][INFO    ] ENTER: LoadSystemControllers [dmvcframework]
2021-07-22 14:21:14:665  [TID      13316][INFO    ] EXIT: LoadSystemControllers [dmvcframework]
2021-07-22 14:21:14:671  [TID      13316][INFO    ] GET:/api/customers/2 [0:0:0:0:0:0:0:1] -> UControllerCustomer.TCustomerController.GetCustomer - 200 OK [dmvcframework]
2021-07-22 14:21:22:253  [TID      13316][ERROR   ] [EListError] Duplicates not allowed (Custom message: "Cannot create controller") [dmvcframework]
2021-07-22 14:21:23:350  [TID      13316][ERROR   ] [EMVCException] Cannot create controller (Custom message: "") [dmvcframework]
2021-07-22 14:22:50:486  [TID      14380][INFO    ] Default Logger initialized [dmvcframework]
2021-07-22 14:22:50:510  [TID      14380][INFO    ] Server started on port 8080 [dmvcframework]
2021-07-22 14:23:33:646  [TID       7124][INFO    ] ENTER: Config default values [dmvcframework]
2021-07-22 14:23:33:646  [TID       7124][INFO    ] EXIT: Config default values [dmvcframework]
2021-07-22 14:23:33:646  [TID       7124][INFO    ] >> Custom configuration method [dmvcframework]
2021-07-22 14:23:33:646  [TID       7124][INFO    ] << Custom configuration method [dmvcframework]
2021-07-22 14:23:33:646  [TID       7124][INFO    ] ENTER: LoadSystemControllers [dmvcframework]
2021-07-22 14:23:33:646  [TID       7124][INFO    ] EXIT: LoadSystemControllers [dmvcframework]
2021-07-22 14:23:33:654  [TID       7124][INFO    ] GET:/api/customers [0:0:0:0:0:0:0:1] -> UControllerCustomer.TCustomerController.GetCustomers - 200 OK [dmvcframework]
2021-07-22 14:27:07:160  [TID      13464][INFO    ] Default Logger initialized [dmvcframework]
2021-07-22 14:27:07:160  [TID      13464][INFO    ] Server started on port 8080 [dmvcframework]
2021-07-22 14:27:23:152  [TID      11936][INFO    ] ENTER: Config default values [dmvcframework]
2021-07-22 14:27:23:152  [TID      11936][INFO    ] EXIT: Config default values [dmvcframework]
2021-07-22 14:27:23:152  [TID      11936][INFO    ] >> Custom configuration method [dmvcframework]
2021-07-22 14:27:23:152  [TID      11936][INFO    ] << Custom configuration method [dmvcframework]
2021-07-22 14:27:23:153  [TID      11936][INFO    ] ENTER: LoadSystemControllers [dmvcframework]
2021-07-22 14:27:23:153  [TID      11936][INFO    ] EXIT: LoadSystemControllers [dmvcframework]
2021-07-22 14:27:35:084  [TID      11936][ERROR   ] [EMVCException] Invalid character in string (1, 60) (Custom message: "") [dmvcframework]
2021-07-22 14:30:56:336  [TID      13932][INFO    ] Default Logger initialized [dmvcframework]
2021-07-22 14:30:56:364  [TID      13932][INFO    ] Server started on port 8080 [dmvcframework]
2021-07-22 14:30:58:720  [TID      11716][INFO    ] ENTER: Config default values [dmvcframework]
2021-07-22 14:30:58:720  [TID      11716][INFO    ] EXIT: Config default values [dmvcframework]
2021-07-22 14:30:58:720  [TID      11716][INFO    ] >> Custom configuration method [dmvcframework]
2021-07-22 14:30:58:720  [TID      11716][INFO    ] << Custom configuration method [dmvcframework]
2021-07-22 14:30:58:720  [TID      11716][INFO    ] ENTER: LoadSystemControllers [dmvcframework]
2021-07-22 14:30:58:720  [TID      11716][INFO    ] EXIT: LoadSystemControllers [dmvcframework]
2021-07-22 14:30:58:724  [TID      11716][INFO    ] POST:/api/customers [0:0:0:0:0:0:0:1] -> UControllerCustomer.TCustomerController.CreateCustomer - 200 OK [dmvcframework]
2021-07-22 14:32:45:897  [TID      11716][ERROR   ] [EListError] Duplicates not allowed (Custom message: "Cannot create controller") [dmvcframework]
2021-07-22 14:32:46:896  [TID      11716][ERROR   ] [EMVCException] Cannot create controller (Custom message: "") [dmvcframework]
2021-07-22 14:33:27:398  [TID      15136][INFO    ] Default Logger initialized [dmvcframework]
2021-07-22 14:33:27:427  [TID      15136][INFO    ] Server started on port 8080 [dmvcframework]
2021-07-22 14:33:43:981  [TID       2180][INFO    ] ENTER: Config default values [dmvcframework]
2021-07-22 14:33:43:981  [TID       2180][INFO    ] EXIT: Config default values [dmvcframework]
2021-07-22 14:33:43:981  [TID       2180][INFO    ] >> Custom configuration method [dmvcframework]
2021-07-22 14:33:43:981  [TID       2180][INFO    ] << Custom configuration method [dmvcframework]
2021-07-22 14:33:43:981  [TID       2180][INFO    ] ENTER: LoadSystemControllers [dmvcframework]
2021-07-22 14:33:43:981  [TID       2180][INFO    ] EXIT: LoadSystemControllers [dmvcframework]
2021-07-22 14:33:43:987  [TID       2180][INFO    ] GET:/api/customers/9 [0:0:0:0:0:0:0:1] -> UControllerCustomer.TCustomerController.GetCustomer - 200 OK [dmvcframework]
2021-07-22 14:34:25:708  [TID       8988][INFO    ] Default Logger initialized [dmvcframework]
2021-07-22 14:34:25:708  [TID       8988][INFO    ] Server started on port 8080 [dmvcframework]
2021-07-22 14:34:39:156  [TID      11708][INFO    ] ENTER: Config default values [dmvcframework]
2021-07-22 14:34:39:156  [TID      11708][INFO    ] EXIT: Config default values [dmvcframework]
2021-07-22 14:34:39:156  [TID      11708][INFO    ] >> Custom configuration method [dmvcframework]
2021-07-22 14:34:39:156  [TID      11708][INFO    ] << Custom configuration method [dmvcframework]
2021-07-22 14:34:39:156  [TID      11708][INFO    ] ENTER: LoadSystemControllers [dmvcframework]
2021-07-22 14:34:39:156  [TID      11708][INFO    ] EXIT: LoadSystemControllers [dmvcframework]
2021-07-22 14:34:39:160  [TID      11708][INFO    ] GET:/api/customers/9 [0:0:0:0:0:0:0:1] -> UControllerCustomer.TCustomerController.GetCustomer - 200 OK [dmvcframework]
2021-07-22 14:36:38:887  [TID       5240][INFO    ] Default Logger initialized [dmvcframework]
2021-07-22 14:36:38:930  [TID       5240][INFO    ] Server started on port 8080 [dmvcframework]
2021-07-22 14:36:48:223  [TID       5884][INFO    ] ENTER: Config default values [dmvcframework]
2021-07-22 14:36:48:223  [TID       5884][INFO    ] EXIT: Config default values [dmvcframework]
2021-07-22 14:36:48:223  [TID       5884][INFO    ] >> Custom configuration method [dmvcframework]
2021-07-22 14:36:48:223  [TID       5884][INFO    ] << Custom configuration method [dmvcframework]
2021-07-22 14:36:48:223  [TID       5884][INFO    ] ENTER: LoadSystemControllers [dmvcframework]
2021-07-22 14:36:48:223  [TID       5884][INFO    ] EXIT: LoadSystemControllers [dmvcframework]
2021-07-22 14:36:48:238  [TID       5884][INFO    ] DELETE:/api/customers/9 [0:0:0:0:0:0:0:1] -> UControllerCustomer.TCustomerController.DeleteCustomer - 200 OK [dmvcframework]
2021-07-22 14:41:12:275  [TID       8420][INFO    ] Default Logger initialized [dmvcframework]
2021-07-22 14:41:12:275  [TID       8420][INFO    ] Server started on port 8080 [dmvcframework]
2021-07-22 14:41:21:306  [TID       7944][INFO    ] ENTER: Config default values [dmvcframework]
2021-07-22 14:41:21:307  [TID       7944][INFO    ] EXIT: Config default values [dmvcframework]
2021-07-22 14:41:21:307  [TID       7944][INFO    ] >> Custom configuration method [dmvcframework]
2021-07-22 14:41:21:307  [TID       7944][INFO    ] << Custom configuration method [dmvcframework]
2021-07-22 14:41:21:307  [TID       7944][INFO    ] ENTER: LoadSystemControllers [dmvcframework]
2021-07-22 14:41:21:307  [TID       7944][INFO    ] EXIT: LoadSystemControllers [dmvcframework]
2021-07-22 14:41:21:313  [TID       7944][INFO    ] GET:/api/customers [0:0:0:0:0:0:0:1] -> UControllerCustomer.TCustomerController.GetCustomers - 200 OK [dmvcframework]
2021-07-22 14:45:06:746  [TID       7944][ERROR   ] [EListError] Duplicates not allowed (Custom message: "Cannot create controller") [dmvcframework]
2021-07-22 14:45:08:184  [TID       7944][ERROR   ] [EMVCException] Cannot create controller (Custom message: "") [dmvcframework]
2021-07-22 14:46:34:276  [TID       7124][INFO    ] Default Logger initialized [dmvcframework]
2021-07-22 14:46:34:300  [TID       7124][INFO    ] Server started on port 8080 [dmvcframework]
2021-07-22 14:46:43:115  [TID       4284][INFO    ] ENTER: Config default values [dmvcframework]
2021-07-22 14:46:43:115  [TID       4284][INFO    ] EXIT: Config default values [dmvcframework]
2021-07-22 14:46:43:115  [TID       4284][INFO    ] >> Custom configuration method [dmvcframework]
2021-07-22 14:46:43:115  [TID       4284][INFO    ] << Custom configuration method [dmvcframework]
2021-07-22 14:46:43:115  [TID       4284][INFO    ] ENTER: LoadSystemControllers [dmvcframework]
2021-07-22 14:46:43:115  [TID       4284][INFO    ] EXIT: LoadSystemControllers [dmvcframework]
2021-07-22 14:46:43:121  [TID       4284][INFO    ] GET:/api/customers [0:0:0:0:0:0:0:1] -> UControllerCustomer.TCustomerController.GetCustomers - 200 OK [dmvcframework]
2021-07-22 14:47:26:687  [TID       4284][ERROR   ] [EListError] Duplicates not allowed (Custom message: "Cannot create controller") [dmvcframework]
2021-07-22 14:47:31:764  [TID       4284][ERROR   ] [EMVCException] Cannot create controller (Custom message: "") [dmvcframework]
2021-07-22 14:47:48:953  [TID       8268][INFO    ] Default Logger initialized [dmvcframework]
2021-07-22 14:47:48:981  [TID       8268][INFO    ] Server started on port 8080 [dmvcframework]
2021-07-22 14:47:51:592  [TID       8988][INFO    ] ENTER: Config default values [dmvcframework]
2021-07-22 14:47:51:592  [TID       8988][INFO    ] EXIT: Config default values [dmvcframework]
2021-07-22 14:47:51:592  [TID       8988][INFO    ] >> Custom configuration method [dmvcframework]
2021-07-22 14:47:51:592  [TID       8988][INFO    ] << Custom configuration method [dmvcframework]
2021-07-22 14:47:51:592  [TID       8988][INFO    ] ENTER: LoadSystemControllers [dmvcframework]
2021-07-22 14:47:51:592  [TID       8988][INFO    ] EXIT: LoadSystemControllers [dmvcframework]
2021-07-22 14:47:51:598  [TID       8988][INFO    ] POST:/api/customers [0:0:0:0:0:0:0:1] -> UControllerCustomer.TCustomerController.CreateCustomer - 200 OK [dmvcframework]
2021-07-22 15:03:55:139  [TID       5468][INFO    ] Default Logger initialized [dmvcframework]
2021-07-22 15:03:55:139  [TID       5468][INFO    ] Server started on port 8080 [dmvcframework]
2021-07-22 15:03:59:154  [TID       5028][INFO    ] ENTER: Config default values [dmvcframework]
2021-07-22 15:03:59:154  [TID       5028][INFO    ] EXIT: Config default values [dmvcframework]
2021-07-22 15:03:59:154  [TID       5028][INFO    ] >> Custom configuration method [dmvcframework]
2021-07-22 15:03:59:154  [TID       5028][INFO    ] << Custom configuration method [dmvcframework]
2021-07-22 15:03:59:155  [TID       5028][INFO    ] ENTER: LoadSystemControllers [dmvcframework]
2021-07-22 15:03:59:155  [TID       5028][INFO    ] EXIT: LoadSystemControllers [dmvcframework]
2021-07-22 15:03:59:161  [TID       5028][INFO    ] GET:/api/customers [0:0:0:0:0:0:0:1] -> UControllerCustomer.TCustomerController.GetCustomers - 200 OK [dmvcframework]
2021-07-22 15:05:31:575  [TID       7260][INFO    ] Default Logger initialized [dmvcframework]
2021-07-22 15:05:31:618  [TID       7260][INFO    ] Server started on port 8080 [dmvcframework]
2021-07-22 15:05:43:535  [TID       3688][INFO    ] ENTER: Config default values [dmvcframework]
2021-07-22 15:05:43:535  [TID       3688][INFO    ] EXIT: Config default values [dmvcframework]
2021-07-22 15:05:43:535  [TID       3688][INFO    ] >> Custom configuration method [dmvcframework]
2021-07-22 15:05:43:535  [TID       3688][INFO    ] << Custom configuration method [dmvcframework]
2021-07-22 15:05:43:535  [TID       3688][INFO    ] ENTER: LoadSystemControllers [dmvcframework]
2021-07-22 15:05:43:536  [TID       3688][INFO    ] EXIT: LoadSystemControllers [dmvcframework]
2021-07-22 15:05:43:544  [TID       3688][INFO    ] PUT:/api/customers/7 [0:0:0:0:0:0:0:1] -> UControllerCustomer.TCustomerController.UpdateCustomer - 200 OK [dmvcframework]
2021-07-23 13:26:12:878  [TID      15964][INFO    ] Default Logger initialized [dmvcframework]
2021-07-23 13:26:12:878  [TID      15964][INFO    ] Server started on port 8080 [dmvcframework]
2021-07-23 13:26:33:497  [TID      11488][INFO    ] ENTER: Config default values [dmvcframework]
2021-07-23 13:26:33:497  [TID      11488][INFO    ] EXIT: Config default values [dmvcframework]
2021-07-23 13:26:33:497  [TID      11488][INFO    ] >> Custom configuration method [dmvcframework]
2021-07-23 13:26:33:497  [TID      11488][INFO    ] << Custom configuration method [dmvcframework]
2021-07-23 13:26:33:497  [TID      11488][INFO    ] ENTER: LoadSystemControllers [dmvcframework]
2021-07-23 13:26:33:497  [TID      11488][INFO    ] EXIT: LoadSystemControllers [dmvcframework]
2021-07-23 13:26:33:508  [TID      11488][INFO    ] GET:/api/customers [0:0:0:0:0:0:0:1] -> UControllerCustomer.TCustomerController.GetCustomers - 200 OK [dmvcframework]
2021-07-23 13:28:31:106  [TID      15556][INFO    ] Default Logger initialized [dmvcframework]
2021-07-23 13:28:31:147  [TID      15556][INFO    ] Server started on port 8080 [dmvcframework]
2021-07-23 13:28:35:416  [TID       7256][INFO    ] ENTER: Config default values [dmvcframework]
2021-07-23 13:28:35:416  [TID       7256][INFO    ] EXIT: Config default values [dmvcframework]
2021-07-23 13:28:35:416  [TID       7256][INFO    ] >> Custom configuration method [dmvcframework]
2021-07-23 13:28:35:416  [TID       7256][INFO    ] << Custom configuration method [dmvcframework]
2021-07-23 13:28:35:416  [TID       7256][INFO    ] ENTER: LoadSystemControllers [dmvcframework]
2021-07-23 13:28:35:416  [TID       7256][INFO    ] EXIT: LoadSystemControllers [dmvcframework]
2021-07-23 13:28:35:424  [TID       7256][INFO    ] GET:/api/customers [0:0:0:0:0:0:0:1] -> UControllerCustomer.TCustomerController.GetCustomers - 200 OK [dmvcframework]
2021-07-23 13:29:36:936  [TID      13072][INFO    ] Default Logger initialized [dmvcframework]
2021-07-23 13:29:36:936  [TID      13072][INFO    ] Server started on port 8080 [dmvcframework]
2021-07-23 13:29:42:318  [TID      13924][INFO    ] ENTER: Config default values [dmvcframework]
2021-07-23 13:29:42:318  [TID      13924][INFO    ] EXIT: Config default values [dmvcframework]
2021-07-23 13:29:42:318  [TID      13924][INFO    ] >> Custom configuration method [dmvcframework]
2021-07-23 13:29:42:318  [TID      13924][INFO    ] << Custom configuration method [dmvcframework]
2021-07-23 13:29:42:318  [TID      13924][INFO    ] ENTER: LoadSystemControllers [dmvcframework]
2021-07-23 13:29:42:318  [TID      13924][INFO    ] EXIT: LoadSystemControllers [dmvcframework]
2021-07-23 13:30:06:061  [TID      12240][INFO    ] Default Logger initialized [dmvcframework]
2021-07-23 13:30:06:084  [TID      12240][INFO    ] Server started on port 8080 [dmvcframework]
2021-07-23 13:30:10:311  [TID      10052][INFO    ] ENTER: Config default values [dmvcframework]
2021-07-23 13:30:10:311  [TID      10052][INFO    ] EXIT: Config default values [dmvcframework]
2021-07-23 13:30:10:311  [TID      10052][INFO    ] >> Custom configuration method [dmvcframework]
2021-07-23 13:30:10:311  [TID      10052][INFO    ] << Custom configuration method [dmvcframework]
2021-07-23 13:30:10:311  [TID      10052][INFO    ] ENTER: LoadSystemControllers [dmvcframework]
2021-07-23 13:30:10:311  [TID      10052][INFO    ] EXIT: LoadSystemControllers [dmvcframework]
2021-07-23 13:30:14:036  [TID      10052][INFO    ] GET:/api/customers [0:0:0:0:0:0:0:1] -> UControllerCustomer.TCustomerController.GetCustomers - 200 OK [dmvcframework]
2021-07-23 13:30:56:178  [TID      16928][INFO    ] Default Logger initialized [dmvcframework]
2021-07-23 13:30:56:205  [TID      16928][INFO    ] Server started on port 8080 [dmvcframework]
2021-07-23 13:31:00:202  [TID       2220][INFO    ] ENTER: Config default values [dmvcframework]
2021-07-23 13:31:00:202  [TID       2220][INFO    ] EXIT: Config default values [dmvcframework]
2021-07-23 13:31:00:202  [TID       2220][INFO    ] >> Custom configuration method [dmvcframework]
2021-07-23 13:31:00:202  [TID       2220][INFO    ] << Custom configuration method [dmvcframework]
2021-07-23 13:31:00:202  [TID       2220][INFO    ] ENTER: LoadSystemControllers [dmvcframework]
2021-07-23 13:31:00:202  [TID       2220][INFO    ] EXIT: LoadSystemControllers [dmvcframework]
2021-07-23 13:33:13:968  [TID      10156][INFO    ] Default Logger initialized [dmvcframework]
2021-07-23 13:33:14:007  [TID      10156][INFO    ] Server started on port 8080 [dmvcframework]
2021-07-23 13:33:19:001  [TID       6652][INFO    ] ENTER: Config default values [dmvcframework]
2021-07-23 13:33:19:001  [TID       6652][INFO    ] EXIT: Config default values [dmvcframework]
2021-07-23 13:33:19:001  [TID       6652][INFO    ] >> Custom configuration method [dmvcframework]
2021-07-23 13:33:19:001  [TID       6652][INFO    ] << Custom configuration method [dmvcframework]
2021-07-23 13:33:19:001  [TID       6652][INFO    ] ENTER: LoadSystemControllers [dmvcframework]
2021-07-23 13:33:19:001  [TID       6652][INFO    ] EXIT: LoadSystemControllers [dmvcframework]
2021-07-23 13:33:26:621  [TID       6652][INFO    ] GET:/api/customers [0:0:0:0:0:0:0:1] -> UControllerCustomer.TCustomerController.GetCustomers - 200 OK [dmvcframework]
2021-07-23 13:33:39:230  [TID       6652][INFO    ] GET:/api/customers [0:0:0:0:0:0:0:1] -> UControllerCustomer.TCustomerController.GetCustomers - 200 OK [dmvcframework]
2021-07-23 13:33:45:412  [TID       6652][INFO    ] GET:/api/customers [0:0:0:0:0:0:0:1] -> UControllerCustomer.TCustomerController.GetCustomers - 200 OK [dmvcframework]
2021-07-23 13:33:46:358  [TID       6652][INFO    ] GET:/api/customers [0:0:0:0:0:0:0:1] -> UControllerCustomer.TCustomerController.GetCustomers - 200 OK [dmvcframework]
2021-07-23 13:33:47:135  [TID       6652][INFO    ] GET:/api/customers [0:0:0:0:0:0:0:1] -> UControllerCustomer.TCustomerController.GetCustomers - 200 OK [dmvcframework]
2021-07-23 13:33:47:837  [TID       6652][INFO    ] GET:/api/customers [0:0:0:0:0:0:0:1] -> UControllerCustomer.TCustomerController.GetCustomers - 200 OK [dmvcframework]
2021-07-23 13:33:48:586  [TID       6652][INFO    ] GET:/api/customers [0:0:0:0:0:0:0:1] -> UControllerCustomer.TCustomerController.GetCustomers - 200 OK [dmvcframework]
2021-07-23 13:34:21:395  [TID       6652][INFO    ] GET:/api/customers/1 [0:0:0:0:0:0:0:1] -> UControllerCustomer.TCustomerController.GetCustomer - 200 OK [dmvcframework]
2021-07-23 13:34:25:514  [TID       6652][INFO    ] GET:/api/customers/3 [0:0:0:0:0:0:0:1] -> UControllerCustomer.TCustomerController.GetCustomer - 200 OK [dmvcframework]
2021-07-23 13:35:14:318  [TID       6652][INFO    ] PUT:/api/customers/3 [0:0:0:0:0:0:0:1] -> UControllerCustomer.TCustomerController.UpdateCustomer - 200 OK [dmvcframework]
2021-07-23 13:35:57:923  [TID       6652][ERROR   ] [ESQLiteNativeException] [FireDAC][Phys][SQLite] ERROR: UNIQUE constraint failed: Customers.ID (Custom message: "Global Action Exception Handler") [dmvcframework]
2021-07-23 13:36:17:137  [TID       5400][INFO    ] Default Logger initialized [dmvcframework]
2021-07-23 13:36:17:137  [TID       5400][INFO    ] Server started on port 8080 [dmvcframework]
2021-07-23 13:37:20:209  [TID       9676][INFO    ] ENTER: Config default values [dmvcframework]
2021-07-23 13:37:20:209  [TID       9676][INFO    ] EXIT: Config default values [dmvcframework]
2021-07-23 13:37:20:209  [TID       9676][INFO    ] >> Custom configuration method [dmvcframework]
2021-07-23 13:37:20:209  [TID       9676][INFO    ] << Custom configuration method [dmvcframework]
2021-07-23 13:37:20:209  [TID       9676][INFO    ] ENTER: LoadSystemControllers [dmvcframework]
2021-07-23 13:37:20:209  [TID       9676][INFO    ] EXIT: LoadSystemControllers [dmvcframework]
2021-07-23 13:37:20:216  [TID       9676][INFO    ] GET:/api/customers [0:0:0:0:0:0:0:1] -> UControllerCustomer.TCustomerController.GetCustomers - 200 OK [dmvcframework]
2021-07-23 13:38:59:676  [TID       9676][INFO    ] POST:/api/customers [0:0:0:0:0:0:0:1] -> UControllerCustomer.TCustomerController.CreateCustomer - 200 OK [dmvcframework]
2021-07-23 13:39:21:115  [TID       9676][INFO    ] DELETE:/api/customers/8 [0:0:0:0:0:0:0:1] -> UControllerCustomer.TCustomerController.DeleteCustomer - 200 OK [dmvcframework]
2021-07-23 13:58:53:085  [TID      12196][INFO    ] Default Logger initialized [dmvcframework]
2021-07-23 13:58:53:085  [TID      12196][INFO    ] Server started on port 8080 [dmvcframework]
2021-07-23 14:00:18:258  [TID       5116][INFO    ] Default Logger initialized [dmvcframework]
2021-07-23 14:00:18:258  [TID       5116][INFO    ] Server started on port 8080 [dmvcframework]
2021-07-23 14:00:36:777  [TID      15552][INFO    ] Default Logger initialized [dmvcframework]
2021-07-23 14:00:36:803  [TID      15552][INFO    ] Server started on port 8080 [dmvcframework]
2021-07-23 14:03:46:735  [TID       5396][INFO    ] Default Logger initialized [dmvcframework]
2021-07-23 14:03:46:735  [TID       5396][INFO    ] Server started on port 8080 [dmvcframework]
2021-07-23 14:03:53:808  [TID       6112][INFO    ] ENTER: Config default values [dmvcframework]
2021-07-23 14:03:53:808  [TID       6112][INFO    ] EXIT: Config default values [dmvcframework]
2021-07-23 14:03:53:808  [TID       6112][INFO    ] >> Custom configuration method [dmvcframework]
2021-07-23 14:03:53:808  [TID       6112][INFO    ] << Custom configuration method [dmvcframework]
2021-07-23 14:03:53:808  [TID       6112][INFO    ] ENTER: LoadSystemControllers [dmvcframework]
2021-07-23 14:03:53:808  [TID       6112][INFO    ] EXIT: LoadSystemControllers [dmvcframework]
2021-07-23 14:03:53:811  [TID       6112][INFO    ] GET:/api/customers [127.0.0.1] -> UControllerCustomer.TCustomerController.GetCustomers - 200 OK [dmvcframework]
2021-07-23 14:05:25:992  [TID      10532][INFO    ] GET:/api/customers [127.0.0.1] -> UControllerCustomer.TCustomerController.GetCustomers - 200 OK [dmvcframework]
2021-07-23 14:05:26:308  [TID       2960][INFO    ] GET:/api/customers [127.0.0.1] -> UControllerCustomer.TCustomerController.GetCustomers - 200 OK [dmvcframework]
2021-07-23 14:24:00:559  [TID       3696][INFO    ] GET:/api/customers [127.0.0.1] -> UControllerCustomer.TCustomerController.GetCustomers - 200 OK [dmvcframework]
2021-07-23 14:32:50:267  [TID       2308][INFO    ] GET:/api/customers [127.0.0.1] -> UControllerCustomer.TCustomerController.GetCustomers - 200 OK [dmvcframework]
2021-07-23 14:34:55:314  [TID      11744][INFO    ] GET:/api/customers [127.0.0.1] -> UControllerCustomer.TCustomerController.GetCustomers - 200 OK [dmvcframework]
2021-07-23 14:35:04:956  [TID      11228][INFO    ] GET:/api/customers [127.0.0.1] -> UControllerCustomer.TCustomerController.GetCustomers - 200 OK [dmvcframework]
2021-07-23 14:37:59:493  [TID       2504][INFO    ] GET:/api/customers [127.0.0.1] -> UControllerCustomer.TCustomerController.GetCustomers - 200 OK [dmvcframework]
2021-07-23 14:40:57:834  [TID       1972][INFO    ] GET:/api/customers [127.0.0.1] -> UControllerCustomer.TCustomerController.GetCustomers - 200 OK [dmvcframework]
2021-07-23 14:43:59:096  [TID      14148][INFO    ] GET:/api/customers [127.0.0.1] -> UControllerCustomer.TCustomerController.GetCustomers - 200 OK [dmvcframework]
2021-07-23 14:48:11:272  [TID       4056][INFO    ] GET:/api/customers [127.0.0.1] -> UControllerCustomer.TCustomerController.GetCustomers - 200 OK [dmvcframework]
2021-07-23 14:49:13:483  [TID      15988][INFO    ] GET:/api/customers [127.0.0.1] -> UControllerCustomer.TCustomerController.GetCustomers - 200 OK [dmvcframework]
2021-07-23 14:49:43:073  [TID      14600][INFO    ] GET:/api/customers [127.0.0.1] -> UControllerCustomer.TCustomerController.GetCustomers - 200 OK [dmvcframework]
2021-07-23 14:49:48:160  [TID       4804][INFO    ] GET:/api/customers [127.0.0.1] -> UControllerCustomer.TCustomerController.GetCustomers - 200 OK [dmvcframework]
2021-07-23 14:50:31:507  [TID      10712][INFO    ] GET:/api/customers [127.0.0.1] -> UControllerCustomer.TCustomerController.GetCustomers - 200 OK [dmvcframework]
2021-07-23 14:54:12:208  [TID      13680][INFO    ] GET:/api/customers [127.0.0.1] -> UControllerCustomer.TCustomerController.GetCustomers - 200 OK [dmvcframework]
2021-07-23 14:56:53:461  [TID      11976][INFO    ] GET:/api/customers [127.0.0.1] -> UControllerCustomer.TCustomerController.GetCustomers - 200 OK [dmvcframework]
2021-07-26 13:17:51:936  [TID      13056][INFO    ] Default Logger initialized [dmvcframework]
2021-07-26 13:17:51:936  [TID      13056][INFO    ] Server started on port 8080 [dmvcframework]
2021-07-26 13:17:57:257  [TID      14080][INFO    ] ENTER: Config default values [dmvcframework]
2021-07-26 13:17:57:257  [TID      14080][INFO    ] EXIT: Config default values [dmvcframework]
2021-07-26 13:17:57:257  [TID      14080][INFO    ] >> Custom configuration method [dmvcframework]
2021-07-26 13:17:57:257  [TID      14080][INFO    ] << Custom configuration method [dmvcframework]
2021-07-26 13:17:57:257  [TID      14080][INFO    ] ENTER: LoadSystemControllers [dmvcframework]
2021-07-26 13:17:57:257  [TID      14080][INFO    ] EXIT: LoadSystemControllers [dmvcframework]
2021-07-26 13:17:57:273  [TID      14080][INFO    ] GET:/api/customers [127.0.0.1] -> UControllerCustomer.TCustomerController.GetCustomers - 200 OK [dmvcframework]
2021-07-26 13:18:26:078  [TID      12544][INFO    ] Default Logger initialized [dmvcframework]
2021-07-26 13:18:26:093  [TID      12544][INFO    ] Server started on port 8080 [dmvcframework]
2021-07-26 13:18:44:122  [TID       8280][INFO    ] Default Logger initialized [dmvcframework]
2021-07-26 13:18:44:122  [TID       8280][INFO    ] Server started on port 8080 [dmvcframework]
2021-07-26 13:20:12:305  [TID       7800][INFO    ] ENTER: Config default values [dmvcframework]
2021-07-26 13:20:12:305  [TID       7800][INFO    ] EXIT: Config default values [dmvcframework]
2021-07-26 13:20:12:305  [TID       7800][INFO    ] >> Custom configuration method [dmvcframework]
2021-07-26 13:20:12:305  [TID       7800][INFO    ] << Custom configuration method [dmvcframework]
2021-07-26 13:20:12:305  [TID       7800][INFO    ] ENTER: LoadSystemControllers [dmvcframework]
2021-07-26 13:20:12:305  [TID       7800][INFO    ] EXIT: LoadSystemControllers [dmvcframework]
2021-07-26 13:20:12:315  [TID       7800][INFO    ] GET:/api/customers [127.0.0.1] -> UControllerCustomer.TCustomerController.GetCustomers - 200 OK [dmvcframework]
2021-07-26 13:20:22:761  [TID      10100][INFO    ] GET:/api/customers [127.0.0.1] -> UControllerCustomer.TCustomerController.GetCustomers - 200 OK [dmvcframework]
2021-07-26 13:21:26:101  [TID       8516][INFO    ] GET:/api/customers [127.0.0.1] -> UControllerCustomer.TCustomerController.GetCustomers - 200 OK [dmvcframework]
2021-07-26 13:22:02:154  [TID       9588][INFO    ] GET:/api/customers [127.0.0.1] -> UControllerCustomer.TCustomerController.GetCustomers - 200 OK [dmvcframework]
2021-07-26 13:23:36:655  [TID      15572][INFO    ] Default Logger initialized [dmvcframework]
2021-07-26 13:23:36:655  [TID      15572][INFO    ] Server started on port 8080 [dmvcframework]
2021-07-26 13:23:45:070  [TID       8068][INFO    ] ENTER: Config default values [dmvcframework]
2021-07-26 13:23:45:070  [TID       8068][INFO    ] EXIT: Config default values [dmvcframework]
2021-07-26 13:23:45:070  [TID       8068][INFO    ] >> Custom configuration method [dmvcframework]
2021-07-26 13:23:45:070  [TID       8068][INFO    ] << Custom configuration method [dmvcframework]
2021-07-26 13:23:45:070  [TID       8068][INFO    ] ENTER: LoadSystemControllers [dmvcframework]
2021-07-26 13:23:45:070  [TID       8068][INFO    ] EXIT: LoadSystemControllers [dmvcframework]
2021-07-26 13:23:45:092  [TID       8068][INFO    ] GET:/api/customers [127.0.0.1] -> UControllerCustomer.TCustomerController.GetCustomers - 200 OK [dmvcframework]
2021-07-26 13:24:04:023  [TID       5660][INFO    ] Default Logger initialized [dmvcframework]
2021-07-26 13:24:04:023  [TID       5660][INFO    ] Server started on port 8080 [dmvcframework]
2021-07-26 13:24:14:118  [TID      13260][INFO    ] ENTER: Config default values [dmvcframework]
2021-07-26 13:24:14:118  [TID      13260][INFO    ] EXIT: Config default values [dmvcframework]
2021-07-26 13:24:14:118  [TID      13260][INFO    ] >> Custom configuration method [dmvcframework]
2021-07-26 13:24:14:118  [TID      13260][INFO    ] << Custom configuration method [dmvcframework]
2021-07-26 13:24:14:118  [TID      13260][INFO    ] ENTER: LoadSystemControllers [dmvcframework]
2021-07-26 13:24:14:118  [TID      13260][INFO    ] EXIT: LoadSystemControllers [dmvcframework]
2021-07-26 13:24:14:134  [TID      13260][INFO    ] GET:/api/customers [127.0.0.1] -> UControllerCustomer.TCustomerController.GetCustomers - 200 OK [dmvcframework]
2021-07-26 13:25:09:820  [TID      16556][INFO    ] Default Logger initialized [dmvcframework]
2021-07-26 13:25:09:820  [TID      16556][INFO    ] Server started on port 8080 [dmvcframework]
2021-07-26 13:25:43:170  [TID      12876][INFO    ] ENTER: Config default values [dmvcframework]
2021-07-26 13:25:43:170  [TID      12876][INFO    ] EXIT: Config default values [dmvcframework]
2021-07-26 13:25:43:170  [TID      12876][INFO    ] >> Custom configuration method [dmvcframework]
2021-07-26 13:25:43:170  [TID      12876][INFO    ] << Custom configuration method [dmvcframework]
2021-07-26 13:25:43:170  [TID      12876][INFO    ] ENTER: LoadSystemControllers [dmvcframework]
2021-07-26 13:25:43:170  [TID      12876][INFO    ] EXIT: LoadSystemControllers [dmvcframework]
2021-07-26 13:25:43:170  [TID      12876][INFO    ] GET:/api/customers [127.0.0.1] -> UControllerCustomer.TCustomerController.GetCustomers - 200 OK [dmvcframework]
2021-07-26 13:31:17:685  [TID       5868][INFO    ] GET:/api/customers [127.0.0.1] -> UControllerCustomer.TCustomerController.GetCustomers - 200 OK [dmvcframework]
2021-07-26 13:33:59:871  [TID       9704][INFO    ] GET:/api/customers [127.0.0.1] -> UControllerCustomer.TCustomerController.GetCustomers - 200 OK [dmvcframework]
2021-07-26 13:39:11:328  [TID       3788][INFO    ] GET:/api/customers [127.0.0.1] -> UControllerCustomer.TCustomerController.GetCustomers - 200 OK [dmvcframework]
2021-07-26 13:39:45:286  [TID       8448][INFO    ] GET:/api/customers [127.0.0.1] -> UControllerCustomer.TCustomerController.GetCustomers - 200 OK [dmvcframework]
2021-07-26 13:41:28:343  [TID      10680][INFO    ] GET:/api/customers [127.0.0.1] -> UControllerCustomer.TCustomerController.GetCustomers - 200 OK [dmvcframework]
2021-07-26 14:33:25:452  [TID      14484][INFO    ] GET:/api/customers [127.0.0.1] -> UControllerCustomer.TCustomerController.GetCustomers - 200 OK [dmvcframework]
2021-07-26 14:49:20:927  [TID       9016][INFO    ] Default Logger initialized [dmvcframework]
2021-07-26 14:49:20:942  [TID       9016][INFO    ] Server started on port 8080 [dmvcframework]
2021-07-26 14:49:29:399  [TID       2520][INFO    ] ENTER: Config default values [dmvcframework]
2021-07-26 14:49:29:399  [TID       2520][INFO    ] EXIT: Config default values [dmvcframework]
2021-07-26 14:49:29:399  [TID       2520][INFO    ] >> Custom configuration method [dmvcframework]
2021-07-26 14:49:29:399  [TID       2520][INFO    ] << Custom configuration method [dmvcframework]
2021-07-26 14:49:29:399  [TID       2520][INFO    ] ENTER: LoadSystemControllers [dmvcframework]
2021-07-26 14:49:29:399  [TID       2520][INFO    ] EXIT: LoadSystemControllers [dmvcframework]
2021-07-26 14:49:29:399  [TID       2520][INFO    ] GET:/api/customers [127.0.0.1] -> UControllerCustomer.TCustomerController.GetCustomers - 200 OK [dmvcframework]
2021-07-26 14:53:04:202  [TID      11804][INFO    ] Default Logger initialized [dmvcframework]
2021-07-26 14:53:04:202  [TID      11804][INFO    ] Server started on port 8080 [dmvcframework]
2021-07-26 14:54:17:991  [TID       5008][INFO    ] Default Logger initialized [dmvcframework]
2021-07-26 14:54:17:991  [TID       5008][INFO    ] Server started on port 8080 [dmvcframework]
2021-07-26 14:54:23:833  [TID       9200][INFO    ] ENTER: Config default values [dmvcframework]
2021-07-26 14:54:23:833  [TID       9200][INFO    ] EXIT: Config default values [dmvcframework]
2021-07-26 14:54:23:833  [TID       9200][INFO    ] >> Custom configuration method [dmvcframework]
2021-07-26 14:54:23:833  [TID       9200][INFO    ] << Custom configuration method [dmvcframework]
2021-07-26 14:54:23:833  [TID       9200][INFO    ] ENTER: LoadSystemControllers [dmvcframework]
2021-07-26 14:54:23:833  [TID       9200][INFO    ] EXIT: LoadSystemControllers [dmvcframework]
2021-07-26 14:54:23:837  [TID       9200][INFO    ] GET:/api/customers [127.0.0.1] -> UControllerCustomer.TCustomerController.GetCustomers - 200 OK [dmvcframework]
2021-07-26 15:01:24:013  [TID      16588][INFO    ] Default Logger initialized [dmvcframework]
2021-07-26 15:01:24:028  [TID      16588][INFO    ] Server started on port 8080 [dmvcframework]
2021-07-26 15:01:28:910  [TID       9132][INFO    ] ENTER: Config default values [dmvcframework]
2021-07-26 15:01:28:910  [TID       9132][INFO    ] EXIT: Config default values [dmvcframework]
2021-07-26 15:01:28:910  [TID       9132][INFO    ] >> Custom configuration method [dmvcframework]
2021-07-26 15:01:28:910  [TID       9132][INFO    ] << Custom configuration method [dmvcframework]
2021-07-26 15:01:28:910  [TID       9132][INFO    ] ENTER: LoadSystemControllers [dmvcframework]
2021-07-26 15:01:28:910  [TID       9132][INFO    ] EXIT: LoadSystemControllers [dmvcframework]
2021-07-26 15:01:28:910  [TID       9132][INFO    ] GET:/api/customers [127.0.0.1] -> UControllerCustomer.TCustomerController.GetCustomers - 200 OK [dmvcframework]
2021-07-26 15:09:28:179  [TID       3132][INFO    ] Default Logger initialized [dmvcframework]
2021-07-26 15:09:28:194  [TID       3132][INFO    ] Server started on port 8080 [dmvcframework]
2021-07-26 15:09:37:370  [TID      15532][INFO    ] Default Logger initialized [dmvcframework]
2021-07-26 15:09:37:370  [TID      15532][INFO    ] Server started on port 8080 [dmvcframework]
2021-07-26 15:09:51:477  [TID      11688][INFO    ] ENTER: Config default values [dmvcframework]
2021-07-26 15:09:51:477  [TID      11688][INFO    ] EXIT: Config default values [dmvcframework]
2021-07-26 15:09:51:477  [TID      11688][INFO    ] >> Custom configuration method [dmvcframework]
2021-07-26 15:09:51:477  [TID      11688][INFO    ] << Custom configuration method [dmvcframework]
2021-07-26 15:09:51:477  [TID      11688][INFO    ] ENTER: LoadSystemControllers [dmvcframework]
2021-07-26 15:09:51:477  [TID      11688][INFO    ] EXIT: LoadSystemControllers [dmvcframework]
2021-07-26 15:09:51:477  [TID      11688][INFO    ] GET:/api/customers [127.0.0.1] -> UControllerCustomer.TCustomerController.GetCustomers - 200 OK [dmvcframework]
2021-07-26 15:09:54:487  [TID       5568][INFO    ] GET:/api/customers [127.0.0.1] -> UControllerCustomer.TCustomerController.GetCustomers - 200 OK [dmvcframework]
2021-07-26 15:09:59:468  [TID      12428][INFO    ] GET:/api/customers [127.0.0.1] -> UControllerCustomer.TCustomerController.GetCustomers - 200 OK [dmvcframework]
2021-07-26 15:11:30:710  [TID       6592][INFO    ] GET:/api/customers [127.0.0.1] -> UControllerCustomer.TCustomerController.GetCustomers - 200 OK [dmvcframework]
2021-07-26 15:11:44:069  [TID      12956][INFO    ] GET:/api/customers [127.0.0.1] -> UControllerCustomer.TCustomerController.GetCustomers - 200 OK [dmvcframework]
2021-07-26 15:11:56:887  [TID       5804][INFO    ] GET:/api/customers [127.0.0.1] -> UControllerCustomer.TCustomerController.GetCustomers - 200 OK [dmvcframework]
2021-07-26 15:16:50:995  [TID       3308][INFO    ] GET:/api/customers [127.0.0.1] -> UControllerCustomer.TCustomerController.GetCustomers - 200 OK [dmvcframework]
2021-07-26 15:19:57:837  [TID       4120][INFO    ] Default Logger initialized [dmvcframework]
2021-07-26 15:19:57:837  [TID       4120][INFO    ] Server started on port 8080 [dmvcframework]
2021-07-26 15:20:03:177  [TID       8896][INFO    ] ENTER: Config default values [dmvcframework]
2021-07-26 15:20:03:177  [TID       8896][INFO    ] EXIT: Config default values [dmvcframework]
2021-07-26 15:20:03:177  [TID       8896][INFO    ] >> Custom configuration method [dmvcframework]
2021-07-26 15:20:03:177  [TID       8896][INFO    ] << Custom configuration method [dmvcframework]
2021-07-26 15:20:03:177  [TID       8896][INFO    ] ENTER: LoadSystemControllers [dmvcframework]
2021-07-26 15:20:03:177  [TID       8896][INFO    ] EXIT: LoadSystemControllers [dmvcframework]
2021-07-26 15:20:03:181  [TID       8896][INFO    ] GET:/api/customers [127.0.0.1] -> UControllerCustomer.TCustomerController.GetCustomers - 200 OK [dmvcframework]
2021-07-26 15:26:29:232  [TID       6320][INFO    ] GET:/api/customers [127.0.0.1] -> UControllerCustomer.TCustomerController.GetCustomers - 200 OK [dmvcframework]
2021-07-26 15:28:53:853  [TID      13164][INFO    ] GET:/api/customers [127.0.0.1] -> UControllerCustomer.TCustomerController.GetCustomers - 200 OK [dmvcframework]
